1596795451148	mozrunner::runner	INFO	Running command: "/usr/bin/firefox" "-marionette" "-foreground" "-no-remote" "-profile" "/tmp/rust_mozprofileuagp5P"
1596795451606	addons.webextension.screenshots@mozilla.org	WARN	Loading extension 'screenshots@mozilla.org': Reading manifest: Invalid extension permission: mozillaAddons
1596795451607	addons.webextension.screenshots@mozilla.org	WARN	Loading extension 'screenshots@mozilla.org': Reading manifest: Invalid extension permission: telemetry
1596795451607	addons.webextension.screenshots@mozilla.org	WARN	Loading extension 'screenshots@mozilla.org': Reading manifest: Invalid extension permission: resource://pdf.js/
1596795451607	addons.webextension.screenshots@mozilla.org	WARN	Loading extension 'screenshots@mozilla.org': Reading manifest: Invalid extension permission: about:reader*
JavaScript error: undefined, line 14: Error: An unexpected error occurred
JavaScript error: moz-extension://ebae2b93-179d-4951-95c2-2f23a035442a/lib/picture_in_picture_overrides.js, line 15: Error: Incorrect argument types for pictureInPictureParent.setOverrides.
JavaScript error: resource:///modules/sessionstore/SessionStore.jsm, line 1325: uncaught exception: 2147746065
1596795453303	Marionette	INFO	Listening on port 33815
1596795453354	Marionette	WARN	TLS certificate errors will be ignored for this session
Sandbox: seccomp sandbox violation: pid 17845, tid 17997, syscall 332, args 0 0 0 4095 0 1.
JavaScript error: resource://devtools/client/jsonview/converter-observer.js, line 84: NS_ERROR_NOT_AVAILABLE: Component returned failure code: 0x80040111 (NS_ERROR_NOT_AVAILABLE) [nsIHttpChannel.contentType]
JavaScript error: resource://devtools/client/jsonview/converter-observer.js, line 84: NS_ERROR_NOT_AVAILABLE: Component returned failure code: 0x80040111 (NS_ERROR_NOT_AVAILABLE) [nsIHttpChannel.contentType]
1596795468723	Marionette	INFO	Stopped listening on port 33815
1596795482925	mozrunner::runner	INFO	Running command: "/usr/bin/firefox" "-marionette" "-foreground" "-no-remote" "-profile" "/tmp/rust_mozprofilew53D9m"
1596795483378	addons.webextension.screenshots@mozilla.org	WARN	Loading extension 'screenshots@mozilla.org': Reading manifest: Invalid extension permission: mozillaAddons
1596795483378	addons.webextension.screenshots@mozilla.org	WARN	Loading extension 'screenshots@mozilla.org': Reading manifest: Invalid extension permission: telemetry
1596795483378	addons.webextension.screenshots@mozilla.org	WARN	Loading extension 'screenshots@mozilla.org': Reading manifest: Invalid extension permission: resource://pdf.js/
1596795483378	addons.webextension.screenshots@mozilla.org	WARN	Loading extension 'screenshots@mozilla.org': Reading manifest: Invalid extension permission: about:reader*
JavaScript error: undefined, line 14: Error: An unexpected error occurred
JavaScript error: moz-extension://0b06a210-2651-4624-99e8-e2adb86b4c55/lib/picture_in_picture_overrides.js, line 15: Error: Incorrect argument types for pictureInPictureParent.setOverrides.
JavaScript error: resource:///modules/sessionstore/SessionStore.jsm, line 1325: uncaught exception: 2147746065
1596795485146	Marionette	INFO	Listening on port 36167
1596795485240	Marionette	WARN	TLS certificate errors will be ignored for this session
Sandbox: seccomp sandbox violation: pid 18237, tid 18369, syscall 332, args 0 0 0 4095 0 1.
JavaScript warning: https://static.adsafeprotected.com/sca.17.4.114.js, line 32: Array.slice is deprecated; use Array.prototype.slice instead

###!!! [Child][MessageChannel] Error: (msgtype=0x53000E,name=PHttpChannel::Msg_DeletingChannel) Channel closing: too late to send/recv, messages will be lost

1596795510900	Marionette	INFO	Stopped listening on port 36167
1596795575944	mozrunner::runner	INFO	Running command: "/usr/bin/firefox" "-marionette" "-foreground" "-no-remote" "-profile" "/tmp/rust_mozprofileImgFZ6"
1596795576403	addons.webextension.screenshots@mozilla.org	WARN	Loading extension 'screenshots@mozilla.org': Reading manifest: Invalid extension permission: mozillaAddons
1596795576403	addons.webextension.screenshots@mozilla.org	WARN	Loading extension 'screenshots@mozilla.org': Reading manifest: Invalid extension permission: telemetry
1596795576403	addons.webextension.screenshots@mozilla.org	WARN	Loading extension 'screenshots@mozilla.org': Reading manifest: Invalid extension permission: resource://pdf.js/
1596795576403	addons.webextension.screenshots@mozilla.org	WARN	Loading extension 'screenshots@mozilla.org': Reading manifest: Invalid extension permission: about:reader*
JavaScript error: undefined, line 14: Error: An unexpected error occurred
JavaScript error: moz-extension://b3dea6cd-9938-4a8c-9c6f-cfb6fadc7f00/lib/picture_in_picture_overrides.js, line 15: Error: Incorrect argument types for pictureInPictureParent.setOverrides.
JavaScript error: resource:///modules/sessionstore/SessionStore.jsm, line 1325: uncaught exception: 2147746065
1596795577977	Marionette	INFO	Listening on port 36115
1596795578078	Marionette	WARN	TLS certificate errors will be ignored for this session
JavaScript error: resource://devtools/client/jsonview/converter-observer.js, line 84: NS_ERROR_NOT_AVAILABLE: Component returned failure code: 0x80040111 (NS_ERROR_NOT_AVAILABLE) [nsIHttpChannel.contentType]
1596795585518	Marionette	INFO	Stopped listening on port 36115
1596795652675	mozrunner::runner	INFO	Running command: "/usr/bin/firefox" "-marionette" "-foreground" "-no-remote" "-profile" "/tmp/rust_mozprofileQKl6oH"
1596795653128	addons.webextension.screenshots@mozilla.org	WARN	Loading extension 'screenshots@mozilla.org': Reading manifest: Invalid extension permission: mozillaAddons
1596795653129	addons.webextension.screenshots@mozilla.org	WARN	Loading extension 'screenshots@mozilla.org': Reading manifest: Invalid extension permission: telemetry
1596795653129	addons.webextension.screenshots@mozilla.org	WARN	Loading extension 'screenshots@mozilla.org': Reading manifest: Invalid extension permission: resource://pdf.js/
1596795653129	addons.webextension.screenshots@mozilla.org	WARN	Loading extension 'screenshots@mozilla.org': Reading manifest: Invalid extension permission: about:reader*
JavaScript error: undefined, line 14: Error: An unexpected error occurred
JavaScript error: moz-extension://5f67f30e-2267-411c-adf0-b207ff54ba08/lib/picture_in_picture_overrides.js, line 15: Error: Incorrect argument types for pictureInPictureParent.setOverrides.
JavaScript error: resource:///modules/sessionstore/SessionStore.jsm, line 1325: uncaught exception: 2147746065
1596795654743	Marionette	INFO	Listening on port 33943
1596795654845	Marionette	WARN	TLS certificate errors will be ignored for this session
[Child 19049, Chrome_ChildThread] WARNING: pipe error (3): Connection reset by peer: file /build/firefox-esr-6uO2g7/firefox-esr-68.11.0esr/ipc/chromium/src/chrome/common/ipc_channel_posix.cc, line 358
1596795657234	Marionette	INFO	Stopped listening on port 33943
1596795818509	mozrunner::runner	INFO	Running command: "/usr/bin/firefox" "-marionette" "-foreground" "-no-remote" "-profile" "/tmp/rust_mozprofileeGvumN"
1596795818977	addons.webextension.screenshots@mozilla.org	WARN	Loading extension 'screenshots@mozilla.org': Reading manifest: Invalid extension permission: mozillaAddons
1596795818977	addons.webextension.screenshots@mozilla.org	WARN	Loading extension 'screenshots@mozilla.org': Reading manifest: Invalid extension permission: telemetry
1596795818977	addons.webextension.screenshots@mozilla.org	WARN	Loading extension 'screenshots@mozilla.org': Reading manifest: Invalid extension permission: resource://pdf.js/
1596795818977	addons.webextension.screenshots@mozilla.org	WARN	Loading extension 'screenshots@mozilla.org': Reading manifest: Invalid extension permission: about:reader*
Sandbox: seccomp sandbox violation: pid 19575, tid 19575, syscall 315, args 19575 140513415961216 56 0 10 140513415961216.
Sandbox: seccomp sandbox violation: pid 19595, tid 19595, syscall 315, args 19595 139968433924736 56 0 10 139968433924736.
JavaScript error: undefined, line 14: Error: An unexpected error occurred
JavaScript error: moz-extension://33aea8aa-9487-41ef-93e0-05a795aefe3e/lib/picture_in_picture_overrides.js, line 15: Error: Incorrect argument types for pictureInPictureParent.setOverrides.
JavaScript error: resource:///modules/sessionstore/SessionStore.jsm, line 1325: uncaught exception: 2147746065
1596795820288	Marionette	INFO	Listening on port 44141
1596795820314	Marionette	WARN	TLS certificate errors will be ignored for this session
Sandbox: seccomp sandbox violation: pid 19595, tid 19741, syscall 332, args 0 0 0 4095 0 1.
1596795875099	mozrunner::runner	INFO	Running command: "/usr/bin/firefox" "-marionette" "-foreground" "-no-remote" "-profile" "/tmp/rust_mozprofileVYMk8s"
1596795875713	addons.webextension.screenshots@mozilla.org	WARN	Loading extension 'screenshots@mozilla.org': Reading manifest: Invalid extension permission: mozillaAddons
1596795875714	addons.webextension.screenshots@mozilla.org	WARN	Loading extension 'screenshots@mozilla.org': Reading manifest: Invalid extension permission: telemetry
1596795875714	addons.webextension.screenshots@mozilla.org	WARN	Loading extension 'screenshots@mozilla.org': Reading manifest: Invalid extension permission: resource://pdf.js/
1596795875714	addons.webextension.screenshots@mozilla.org	WARN	Loading extension 'screenshots@mozilla.org': Reading manifest: Invalid extension permission: about:reader*
Sandbox: seccomp sandbox violation: pid 20074, tid 20074, syscall 315, args 20074 140082290797184 56 0 10 140082290797184.
Sandbox: seccomp sandbox violation: pid 20094, tid 20094, syscall 315, args 20094 140441928235264 56 0 10 140441928235264.
JavaScript error: undefined, line 14: Error: An unexpected error occurred
JavaScript error: moz-extension://0acd2582-23cb-4ac2-b019-2ae53d25ad83/lib/picture_in_picture_overrides.js, line 15: Error: Incorrect argument types for pictureInPictureParent.setOverrides.
JavaScript error: resource:///modules/sessionstore/SessionStore.jsm, line 1325: uncaught exception: 2147746065
1596795877232	Marionette	INFO	Listening on port 41237
1596795877374	Marionette	WARN	TLS certificate errors will be ignored for this session
1596795882512	mozrunner::runner	INFO	Running command: "/usr/bin/firefox" "-marionette" "-foreground" "-no-remote" "-profile" "/tmp/rust_mozprofile26wcWs"
Sandbox: seccomp sandbox violation: pid 20094, tid 20392, syscall 332, args 0 0 0 4095 0 1.
1596795883187	addons.webextension.screenshots@mozilla.org	WARN	Loading extension 'screenshots@mozilla.org': Reading manifest: Invalid extension permission: mozillaAddons
1596795883187	addons.webextension.screenshots@mozilla.org	WARN	Loading extension 'screenshots@mozilla.org': Reading manifest: Invalid extension permission: telemetry
1596795883187	addons.webextension.screenshots@mozilla.org	WARN	Loading extension 'screenshots@mozilla.org': Reading manifest: Invalid extension permission: resource://pdf.js/
1596795883187	addons.webextension.screenshots@mozilla.org	WARN	Loading extension 'screenshots@mozilla.org': Reading manifest: Invalid extension permission: about:reader*
Sandbox: seccomp sandbox violation: pid 20436, tid 20436, syscall 315, args 20436 140308039764608 56 0 10 140308039764608.
Sandbox: seccomp sandbox violation: pid 20457, tid 20457, syscall 315, args 20457 140336418449664 56 0 10 140336418449664.
JavaScript error: undefined, line 14: Error: An unexpected error occurred
JavaScript error: moz-extension://654cc191-cc4b-4e1a-807c-2414cff1ad6e/lib/picture_in_picture_overrides.js, line 15: Error: Incorrect argument types for pictureInPictureParent.setOverrides.
JavaScript error: resource:///modules/sessionstore/SessionStore.jsm, line 1325: uncaught exception: 2147746065
1596795885379	Marionette	INFO	Listening on port 39949
1596795885421	Marionette	WARN	TLS certificate errors will be ignored for this session
Sandbox: seccomp sandbox violation: pid 20457, tid 20612, syscall 332, args 0 0 0 4095 0 1.
JavaScript warning: https://static.adsafeprotected.com/sca.17.4.114.js, line 32: Array.slice is deprecated; use Array.prototype.slice instead
JavaScript warning: https://static.adsafeprotected.com/sca.17.4.114.js, line 32: Array.slice is deprecated; use Array.prototype.slice instead
[Child 19595, MediaPlayback #2] WARNING: Decoder=7f4cc8772c00 state=DECODING_METADATA Decode metadata failed, shutting down decoder: file /build/firefox-esr-6uO2g7/firefox-esr-68.11.0esr/dom/media/MediaDecoderStateMachine.cpp, line 351
[Child 19595, MediaPlayback #2] WARNING: Decoder=7f4cc8772c00 Decode error: NS_ERROR_DOM_MEDIA_METADATA_ERR (0x806e0006) - static mozilla::MP4Metadata::ResultAndByteBuffer mozilla::MP4Metadata::Metadata(mozilla::ByteStream*): Cannot parse metadata: file /build/firefox-esr-6uO2g7/firefox-esr-68.11.0esr/dom/media/MediaDecoderStateMachine.cpp, line 3307
JavaScript warning: https://static.adsafeprotected.com/sca.17.4.114.js, line 32: Array.slice is deprecated; use Array.prototype.slice instead
1596796001348	mozrunner::runner	INFO	Running command: "/usr/bin/firefox" "-marionette" "-foreground" "-no-remote" "-profile" "/tmp/rust_mozprofileICw0tu"
1596796002104	addons.webextension.screenshots@mozilla.org	WARN	Loading extension 'screenshots@mozilla.org': Reading manifest: Invalid extension permission: mozillaAddons
1596796002105	addons.webextension.screenshots@mozilla.org	WARN	Loading extension 'screenshots@mozilla.org': Reading manifest: Invalid extension permission: telemetry
1596796002105	addons.webextension.screenshots@mozilla.org	WARN	Loading extension 'screenshots@mozilla.org': Reading manifest: Invalid extension permission: resource://pdf.js/
1596796002105	addons.webextension.screenshots@mozilla.org	WARN	Loading extension 'screenshots@mozilla.org': Reading manifest: Invalid extension permission: about:reader*
Sandbox: seccomp sandbox violation: pid 21130, tid 21130, syscall 315, args 21130 140256384785024 56 0 10 140256384785024.
JavaScript error: undefined, line 14: Error: An unexpected error occurred
JavaScript error: moz-extension://df926a1b-1d44-44bc-a669-8dde686fcbd0/lib/picture_in_picture_overrides.js, line 15: Error: Incorrect argument types for pictureInPictureParent.setOverrides.
Sandbox: seccomp sandbox violation: pid 21150, tid 21150, syscall 315, args 21150 139796186868352 56 0 10 139796186868352.
JavaScript error: resource:///modules/sessionstore/SessionStore.jsm, line 1325: uncaught exception: 2147746065
1596796004601	Marionette	INFO	Listening on port 36309
1596796004672	Marionette	WARN	TLS certificate errors will be ignored for this session
Sandbox: seccomp sandbox violation: pid 21150, tid 21333, syscall 332, args 0 0 0 4095 0 1.
[Child 20457, MediaPlayback #3] WARNING: Decoder=7fa276c27800 state=DECODING_METADATA Decode metadata failed, shutting down decoder: file /build/firefox-esr-6uO2g7/firefox-esr-68.11.0esr/dom/media/MediaDecoderStateMachine.cpp, line 351
[Child 20457, MediaPlayback #3] WARNING: Decoder=7fa276c27800 Decode error: NS_ERROR_DOM_MEDIA_METADATA_ERR (0x806e0006) - static mozilla::MP4Metadata::ResultAndByteBuffer mozilla::MP4Metadata::Metadata(mozilla::ByteStream*): Cannot parse metadata: file /build/firefox-esr-6uO2g7/firefox-esr-68.11.0esr/dom/media/MediaDecoderStateMachine.cpp, line 3307
1596796025922	mozrunner::runner	INFO	Running command: "/usr/bin/firefox" "-marionette" "-foreground" "-no-remote" "-profile" "/tmp/rust_mozprofile5GkoHX"
1596796027251	addons.webextension.screenshots@mozilla.org	WARN	Loading extension 'screenshots@mozilla.org': Reading manifest: Invalid extension permission: mozillaAddons
1596796027252	addons.webextension.screenshots@mozilla.org	WARN	Loading extension 'screenshots@mozilla.org': Reading manifest: Invalid extension permission: telemetry
1596796027252	addons.webextension.screenshots@mozilla.org	WARN	Loading extension 'screenshots@mozilla.org': Reading manifest: Invalid extension permission: resource://pdf.js/
1596796027252	addons.webextension.screenshots@mozilla.org	WARN	Loading extension 'screenshots@mozilla.org': Reading manifest: Invalid extension permission: about:reader*
Sandbox: seccomp sandbox violation: pid 21596, tid 21596, syscall 315, args 21596 139761719216512 56 0 10 139761719216512.
Sandbox: seccomp sandbox violation: pid 21616, tid 21616, syscall 315, args 21616 139665676925568 56 0 10 139665676925568.
JavaScript error: undefined, line 14: Error: An unexpected error occurred
JavaScript error: moz-extension://2840d89f-29f4-4c73-9a98-af0fd3006a0c/lib/picture_in_picture_overrides.js, line 15: Error: Incorrect argument types for pictureInPictureParent.setOverrides.
JavaScript error: resource:///modules/sessionstore/SessionStore.jsm, line 1325: uncaught exception: 2147746065
1596796031059	Marionette	INFO	Listening on port 34233
1596796031138	Marionette	WARN	TLS certificate errors will be ignored for this session
Sandbox: seccomp sandbox violation: pid 21616, tid 21766, syscall 332, args 0 0 0 4095 0 1.
1596796058507	mozrunner::runner	INFO	Running command: "/usr/bin/firefox" "-marionette" "-foreground" "-no-remote" "-profile" "/tmp/rust_mozprofileIZTZa7"
1596796059604	addons.webextension.screenshots@mozilla.org	WARN	Loading extension 'screenshots@mozilla.org': Reading manifest: Invalid extension permission: mozillaAddons
1596796059604	addons.webextension.screenshots@mozilla.org	WARN	Loading extension 'screenshots@mozilla.org': Reading manifest: Invalid extension permission: telemetry
1596796059605	addons.webextension.screenshots@mozilla.org	WARN	Loading extension 'screenshots@mozilla.org': Reading manifest: Invalid extension permission: resource://pdf.js/
1596796059605	addons.webextension.screenshots@mozilla.org	WARN	Loading extension 'screenshots@mozilla.org': Reading manifest: Invalid extension permission: about:reader*
Sandbox: seccomp sandbox violation: pid 22064, tid 22064, syscall 315, args 22064 139754696894848 56 0 10 139754696894848.
Sandbox: seccomp sandbox violation: pid 22084, tid 22084, syscall 315, args 22084 140068982282880 56 0 10 140068982282880.
JavaScript error: undefined, line 14: Error: An unexpected error occurred
JavaScript error: moz-extension://95a973fc-d686-49f7-af2b-83d96d937c1a/lib/picture_in_picture_overrides.js, line 15: Error: Incorrect argument types for pictureInPictureParent.setOverrides.
JavaScript error: resource:///modules/sessionstore/SessionStore.jsm, line 1325: uncaught exception: 2147746065
1596796062924	Marionette	INFO	Listening on port 38827
1596796063022	Marionette	WARN	TLS certificate errors will be ignored for this session
Sandbox: seccomp sandbox violation: pid 22084, tid 22253, syscall 332, args 0 0 0 4095 0 140068907693496.
Exiting due to channel error.
Exiting due to channel error.
Exiting due to channel error.
Sandbox: Unexpected EOF, op 2 flags 00 path /etc/localtime
JavaScript warning: https://static.adsafeprotected.com/sca.17.4.114.js, line 32: Array.slice is deprecated; use Array.prototype.slice instead
1596796097334	mozrunner::runner	INFO	Running command: "/usr/bin/firefox" "-marionette" "-foreground" "-no-remote" "-profile" "/tmp/rust_mozprofile1aZYTY"
1596796098675	addons.webextension.screenshots@mozilla.org	WARN	Loading extension 'screenshots@mozilla.org': Reading manifest: Invalid extension permission: mozillaAddons
1596796098676	addons.webextension.screenshots@mozilla.org	WARN	Loading extension 'screenshots@mozilla.org': Reading manifest: Invalid extension permission: telemetry
1596796098676	addons.webextension.screenshots@mozilla.org	WARN	Loading extension 'screenshots@mozilla.org': Reading manifest: Invalid extension permission: resource://pdf.js/
1596796098677	addons.webextension.screenshots@mozilla.org	WARN	Loading extension 'screenshots@mozilla.org': Reading manifest: Invalid extension permission: about:reader*
Sandbox: seccomp sandbox violation: pid 22565, tid 22565, syscall 315, args 22565 140558342138112 56 0 10 140558342138112.
Sandbox: seccomp sandbox violation: pid 22585, tid 22585, syscall 315, args 22585 140293108058752 56 0 10 140293108058752.
JavaScript error: undefined, line 14: Error: An unexpected error occurred
JavaScript error: moz-extension://53807364-ea14-43f5-9413-65feb467390a/lib/picture_in_picture_overrides.js, line 15: Error: Incorrect argument types for pictureInPictureParent.setOverrides.
JavaScript error: resource:///modules/sessionstore/SessionStore.jsm, line 1325: uncaught exception: 2147746065
1596796102052	Marionette	INFO	Listening on port 42701
1596796102149	Marionette	WARN	TLS certificate errors will be ignored for this session
Sandbox: seccomp sandbox violation: pid 22585, tid 22727, syscall 332, args 0 0 0 4095 0 1.
JavaScript warning: https://static.adsafeprotected.com/sca.17.4.114.js, line 32: Array.slice is deprecated; use Array.prototype.slice instead
Exiting due to channel error.
Sandbox: Unexpected EOF, op 2 flags 00 path /etc/localtime
Exiting due to channel error.
Exiting due to channel error.
Gdk-Message: 10:28:52.579: /usr/lib/firefox-esr/firefox-esr: Fatal IO error 11 (Resource temporarily unavailable) on X server :1021.

JavaScript error: https://static.doviz.com/js/common.1595855224.js, line 13: TypeError: b is null
[Child 21150, MediaPlayback #3] WARNING: Decoder=7f24cf38c800 state=DECODING_METADATA Decode metadata failed, shutting down decoder: file /build/firefox-esr-6uO2g7/firefox-esr-68.11.0esr/dom/media/MediaDecoderStateMachine.cpp, line 351
[Child 21150, MediaPlayback #3] WARNING: Decoder=7f24cf38c800 Decode error: NS_ERROR_DOM_MEDIA_METADATA_ERR (0x806e0006) - static mozilla::MP4Metadata::ResultAndByteBuffer mozilla::MP4Metadata::Metadata(mozilla::ByteStream*): Cannot parse metadata: file /build/firefox-esr-6uO2g7/firefox-esr-68.11.0esr/dom/media/MediaDecoderStateMachine.cpp, line 3307
JavaScript error: https://static.doviz.com/js/common.1595855224.js, line 13: TypeError: b is null
JavaScript error: https://static.doviz.com/js/common.1595855224.js, line 13: TypeError: b is null
JavaScript error: https://static.doviz.com/js/common.1595855224.js, line 13: TypeError: b is null
JavaScript error: https://static.doviz.com/js/common.1595855224.js, line 13: TypeError: b is null
JavaScript warning: https://static.adsafeprotected.com/sca.17.4.114.js, line 32: Array.slice is deprecated; use Array.prototype.slice instead
JavaScript warning: https://static.adsafeprotected.com/sca.17.4.114.js, line 32: Array.slice is deprecated; use Array.prototype.slice instead
JavaScript warning: https://static.adsafeprotected.com/sca.17.4.114.js, line 32: Array.slice is deprecated; use Array.prototype.slice instead
1596796586620	mozrunner::runner	INFO	Running command: "/usr/bin/firefox" "-marionette" "-foreground" "-no-remote" "-profile" "/tmp/rust_mozprofilerSbBbV"
1596796587544	addons.webextension.screenshots@mozilla.org	WARN	Loading extension 'screenshots@mozilla.org': Reading manifest: Invalid extension permission: mozillaAddons
1596796587544	addons.webextension.screenshots@mozilla.org	WARN	Loading extension 'screenshots@mozilla.org': Reading manifest: Invalid extension permission: telemetry
1596796587544	addons.webextension.screenshots@mozilla.org	WARN	Loading extension 'screenshots@mozilla.org': Reading manifest: Invalid extension permission: resource://pdf.js/
1596796587544	addons.webextension.screenshots@mozilla.org	WARN	Loading extension 'screenshots@mozilla.org': Reading manifest: Invalid extension permission: about:reader*
Sandbox: seccomp sandbox violation: pid 24088, tid 24088, syscall 315, args 24088 139627776092800 56 0 10 139627776092800.
JavaScript error: undefined, line 14: Error: An unexpected error occurred
JavaScript error: moz-extension://8fab28cd-f361-46a6-9864-569c41d671ce/lib/picture_in_picture_overrides.js, line 15: Error: Incorrect argument types for pictureInPictureParent.setOverrides.
Sandbox: seccomp sandbox violation: pid 24108, tid 24108, syscall 315, args 24108 140398498457984 56 0 10 140398498457984.
JavaScript error: resource:///modules/sessionstore/SessionStore.jsm, line 1325: uncaught exception: 2147746065
1596796590095	Marionette	INFO	Listening on port 40347
1596796590134	Marionette	WARN	TLS certificate errors will be ignored for this session
Sandbox: seccomp sandbox violation: pid 24108, tid 24265, syscall 332, args 0 0 0 4095 0 1.
JavaScript warning: https://static.adsafeprotected.com/sca.17.4.114.js, line 32: Array.slice is deprecated; use Array.prototype.slice instead
1596796647745	mozrunner::runner	INFO	Running command: "/usr/bin/firefox" "-marionette" "-foreground" "-no-remote" "-profile" "/tmp/rust_mozprofileJSPAUp"
1596796648773	addons.webextension.screenshots@mozilla.org	WARN	Loading extension 'screenshots@mozilla.org': Reading manifest: Invalid extension permission: mozillaAddons
1596796648774	addons.webextension.screenshots@mozilla.org	WARN	Loading extension 'screenshots@mozilla.org': Reading manifest: Invalid extension permission: telemetry
1596796648774	addons.webextension.screenshots@mozilla.org	WARN	Loading extension 'screenshots@mozilla.org': Reading manifest: Invalid extension permission: resource://pdf.js/
1596796648774	addons.webextension.screenshots@mozilla.org	WARN	Loading extension 'screenshots@mozilla.org': Reading manifest: Invalid extension permission: about:reader*
Sandbox: seccomp sandbox violation: pid 24643, tid 24643, syscall 315, args 24643 139878078524032 56 0 10 139878078524032.
Sandbox: seccomp sandbox violation: pid 24663, tid 24663, syscall 315, args 24663 140257147164928 56 0 10 140257147164928.
JavaScript error: undefined, line 14: Error: An unexpected error occurred
JavaScript error: moz-extension://afc70693-8255-41d6-b517-683be82464e0/lib/picture_in_picture_overrides.js, line 15: Error: Incorrect argument types for pictureInPictureParent.setOverrides.
JavaScript error: resource:///modules/sessionstore/SessionStore.jsm, line 1325: uncaught exception: 2147746065
1596796651587	Marionette	INFO	Listening on port 45465
1596796651657	Marionette	WARN	TLS certificate errors will be ignored for this session
Sandbox: seccomp sandbox violation: pid 24663, tid 24830, syscall 332, args 0 0 0 4095 0 1.
JavaScript warning: https://static.adsafeprotected.com/sca.17.4.114.js, line 32: Array.slice is deprecated; use Array.prototype.slice instead
JavaScript warning: https://static.adsafeprotected.com/sca.17.4.114.js, line 32: Array.slice is deprecated; use Array.prototype.slice instead
1596796685186	mozrunner::runner	INFO	Running command: "/usr/bin/firefox" "-marionette" "-foreground" "-no-remote" "-profile" "/tmp/rust_mozprofile4aaNcK"
1596796686860	addons.webextension.screenshots@mozilla.org	WARN	Loading extension 'screenshots@mozilla.org': Reading manifest: Invalid extension permission: mozillaAddons
1596796686860	addons.webextension.screenshots@mozilla.org	WARN	Loading extension 'screenshots@mozilla.org': Reading manifest: Invalid extension permission: telemetry
1596796686861	addons.webextension.screenshots@mozilla.org	WARN	Loading extension 'screenshots@mozilla.org': Reading manifest: Invalid extension permission: resource://pdf.js/
1596796686861	addons.webextension.screenshots@mozilla.org	WARN	Loading extension 'screenshots@mozilla.org': Reading manifest: Invalid extension permission: about:reader*
Sandbox: seccomp sandbox violation: pid 25166, tid 25166, syscall 315, args 25166 140096182360704 56 0 10 140096182360704.
JavaScript error: undefined, line 14: Error: An unexpected error occurred
JavaScript error: moz-extension://2ce110b4-8f4a-4bf2-a63e-6fdea719fb49/lib/picture_in_picture_overrides.js, line 15: Error: Incorrect argument types for pictureInPictureParent.setOverrides.
Sandbox: seccomp sandbox violation: pid 25187, tid 25187, syscall 315, args 25187 140203131898496 56 0 10 140203131898496.
JavaScript error: resource:///modules/sessionstore/SessionStore.jsm, line 1325: uncaught exception: 2147746065
1596796692087	Marionette	INFO	Listening on port 41715
1596796692134	Marionette	WARN	TLS certificate errors will be ignored for this session
JavaScript warning: https://static.adsafeprotected.com/sca.17.4.114.js, line 32: Array.slice is deprecated; use Array.prototype.slice instead
Sandbox: seccomp sandbox violation: pid 25187, tid 25386, syscall 332, args 0 0 0 4095 0 1.
JavaScript warning: https://static.adsafeprotected.com/sca.17.4.114.js, line 32: Array.slice is deprecated; use Array.prototype.slice instead
Gdk-Message: 13:38:53.312: /usr/lib/firefox-esr/firefox-esr: Fatal IO error 11 (Resource temporarily unavailable) on X server :1029.

Exiting due to channel error.
[Child 25187, Chrome_ChildThread] WARNING: pipe error (41): Connection reset by peer: file /build/firefox-esr-6uO2g7/firefox-esr-68.11.0esr/ipc/chromium/src/chrome/common/ipc_channel_posix.cc, line 358
Exiting due to channel error.
JavaScript warning: https://static.adsafeprotected.com/sca.17.4.114.js, line 32: Array.slice is deprecated; use Array.prototype.slice instead
1596796838972	mozrunner::runner	INFO	Running command: "/usr/bin/firefox" "-marionette" "-foreground" "-no-remote" "-profile" "/tmp/rust_mozprofile2tWxNm"
1596796840582	addons.webextension.screenshots@mozilla.org	WARN	Loading extension 'screenshots@mozilla.org': Reading manifest: Invalid extension permission: mozillaAddons
1596796840582	addons.webextension.screenshots@mozilla.org	WARN	Loading extension 'screenshots@mozilla.org': Reading manifest: Invalid extension permission: telemetry
1596796840583	addons.webextension.screenshots@mozilla.org	WARN	Loading extension 'screenshots@mozilla.org': Reading manifest: Invalid extension permission: resource://pdf.js/
1596796840583	addons.webextension.screenshots@mozilla.org	WARN	Loading extension 'screenshots@mozilla.org': Reading manifest: Invalid extension permission: about:reader*
[Child 24663, MediaPlayback #4] WARNING: Decoder=7f8ff509c400 state=DECODING_METADATA Decode metadata failed, shutting down decoder: file /build/firefox-esr-6uO2g7/firefox-esr-68.11.0esr/dom/media/MediaDecoderStateMachine.cpp, line 351
[Child 24663, MediaPlayback #4] WARNING: Decoder=7f8ff509c400 Decode error: NS_ERROR_DOM_MEDIA_METADATA_ERR (0x806e0006) - static mozilla::MP4Metadata::ResultAndByteBuffer mozilla::MP4Metadata::Metadata(mozilla::ByteStream*): Cannot parse metadata: file /build/firefox-esr-6uO2g7/firefox-esr-68.11.0esr/dom/media/MediaDecoderStateMachine.cpp, line 3307
Sandbox: seccomp sandbox violation: pid 26071, tid 26071, syscall 315, args 26071 140374891772672 56 0 10 140374891772672.
JavaScript error: undefined, line 14: Error: An unexpected error occurred
JavaScript error: moz-extension://4304cbab-bc76-4c93-b4da-6dc458e4dd4b/lib/picture_in_picture_overrides.js, line 15: Error: Incorrect argument types for pictureInPictureParent.setOverrides.
Sandbox: seccomp sandbox violation: pid 26091, tid 26091, syscall 315, args 26091 140678717725312 56 0 10 140678717725312.
JavaScript error: resource:///modules/sessionstore/SessionStore.jsm, line 1325: uncaught exception: 2147746065
1596796844847	Marionette	INFO	Listening on port 34985
1596796844901	Marionette	WARN	TLS certificate errors will be ignored for this session
Sandbox: seccomp sandbox violation: pid 26091, tid 26249, syscall 332, args 0 0 0 4095 0 1.
JavaScript error: https://static.doviz.com/js/common.1595855224.js, line 13: TypeError: b is null
JavaScript error: https://pixel.adsafeprotected.com/fwjsvid/st/471772/47351336/skeleton.js?videoId=73a06e39159381db7ba7150d9fb25021&xmapp=0&xmtp=v&xsId=c9f0102a-3467-45c5-8ec7-78d1bd9de4be&adsafe_par=&logTestResults=false, line 1175: TypeError: d is undefined
JavaScript error: https://pixel.adsafeprotected.com/fwjsvid/st/471772/47351336/skeleton.js?videoId=73a06e39159381db7ba7150d9fb25021&xmapp=0&xmtp=v&xsId=c9f0102a-3467-45c5-8ec7-78d1bd9de4be&adsafe_par=&logTestResults=false, line 1175: TypeError: d is undefined
Exiting due to channel error.
Exiting due to channel error.
[Child 26091, Chrome_ChildThread] WARNING: pipe error (41): Connection reset by peer: file /build/firefox-esr-6uO2g7/firefox-esr-68.11.0esr/ipc/chromium/src/chrome/common/ipc_channel_posix.cc, line 358
Exiting due to channel error.
1596796918906	mozrunner::runner	INFO	Running command: "/usr/bin/firefox" "-marionette" "-foreground" "-no-remote" "-profile" "/tmp/rust_mozprofilevTHzWi"
1596796920893	addons.webextension.screenshots@mozilla.org	WARN	Loading extension 'screenshots@mozilla.org': Reading manifest: Invalid extension permission: mozillaAddons
1596796920894	addons.webextension.screenshots@mozilla.org	WARN	Loading extension 'screenshots@mozilla.org': Reading manifest: Invalid extension permission: telemetry
1596796920895	addons.webextension.screenshots@mozilla.org	WARN	Loading extension 'screenshots@mozilla.org': Reading manifest: Invalid extension permission: resource://pdf.js/
1596796920895	addons.webextension.screenshots@mozilla.org	WARN	Loading extension 'screenshots@mozilla.org': Reading manifest: Invalid extension permission: about:reader*
Sandbox: seccomp sandbox violation: pid 26715, tid 26715, syscall 315, args 26715 140384085654336 56 0 10 140384085654336.
Sandbox: seccomp sandbox violation: pid 26735, tid 26735, syscall 315, args 26735 140682318531200 56 0 10 140682318531200.
JavaScript error: undefined, line 14: Error: An unexpected error occurred
JavaScript error: moz-extension://c98066e6-6df0-4fc2-855b-886252be9e73/lib/picture_in_picture_overrides.js, line 15: Error: Incorrect argument types for pictureInPictureParent.setOverrides.
JavaScript error: resource:///modules/sessionstore/SessionStore.jsm, line 1325: uncaught exception: 2147746065
JavaScript warning: https://static.adsafeprotected.com/sca.17.4.114.js, line 32: Array.slice is deprecated; use Array.prototype.slice instead
1596796926133	Marionette	INFO	Listening on port 42379
1596796926244	Marionette	WARN	TLS certificate errors will be ignored for this session
Sandbox: seccomp sandbox violation: pid 26735, tid 26903, syscall 332, args 0 0 0 4095 0 1.
JavaScript warning: https://static.adsafeprotected.com/sca.17.4.114.js, line 32: Array.slice is deprecated; use Array.prototype.slice instead
JavaScript error: https://static.doviz.com/js/common.1595855224.js, line 13: TypeError: b is null
[Child 24663, MediaPlayback #2] WARNING: Decoder=7f8ff57e7400 state=DECODING_METADATA Decode metadata failed, shutting down decoder: file /build/firefox-esr-6uO2g7/firefox-esr-68.11.0esr/dom/media/MediaDecoderStateMachine.cpp, line 351
[Child 24663, MediaPlayback #2] WARNING: Decoder=7f8ff57e7400 Decode error: NS_ERROR_DOM_MEDIA_METADATA_ERR (0x806e0006) - static mozilla::MP4Metadata::ResultAndByteBuffer mozilla::MP4Metadata::Metadata(mozilla::ByteStream*): Cannot parse metadata: file /build/firefox-esr-6uO2g7/firefox-esr-68.11.0esr/dom/media/MediaDecoderStateMachine.cpp, line 3307
JavaScript warning: https://static.adsafeprotected.com/sca.17.4.114.js, line 32: Array.slice is deprecated; use Array.prototype.slice instead
JavaScript warning: https://static.adsafeprotected.com/sca.17.4.114.js, line 32: Array.slice is deprecated; use Array.prototype.slice instead
JavaScript warning: https://static.adsafeprotected.com/sca.17.4.114.js, line 32: Array.slice is deprecated; use Array.prototype.slice instead
JavaScript warning: https://static.adsafeprotected.com/sca.17.4.114.js, line 32: Array.slice is deprecated; use Array.prototype.slice instead
JavaScript warning: https://static.adsafeprotected.com/sca.17.4.114.js, line 32: Array.slice is deprecated; use Array.prototype.slice instead
Exiting due to channel error.
Exiting due to channel error.
Exiting due to channel error.
JavaScript warning: https://static.adsafeprotected.com/sca.17.4.114.js, line 32: Array.slice is deprecated; use Array.prototype.slice instead
1596797091490	mozrunner::runner	INFO	Running command: "/usr/bin/firefox" "-marionette" "-foreground" "-no-remote" "-profile" "/tmp/rust_mozprofilelB1Q99"
1596797095318	mozrunner::runner	INFO	Running command: "/usr/bin/firefox" "-marionette" "-foreground" "-no-remote" "-profile" "/tmp/rust_mozprofileBo2rr9"
1596797096550	addons.webextension.screenshots@mozilla.org	WARN	Loading extension 'screenshots@mozilla.org': Reading manifest: Invalid extension permission: mozillaAddons
1596797096550	addons.webextension.screenshots@mozilla.org	WARN	Loading extension 'screenshots@mozilla.org': Reading manifest: Invalid extension permission: telemetry
1596797096550	addons.webextension.screenshots@mozilla.org	WARN	Loading extension 'screenshots@mozilla.org': Reading manifest: Invalid extension permission: resource://pdf.js/
1596797096551	addons.webextension.screenshots@mozilla.org	WARN	Loading extension 'screenshots@mozilla.org': Reading manifest: Invalid extension permission: about:reader*
Sandbox: seccomp sandbox violation: pid 27825, tid 27825, syscall 315, args 27825 140509540363072 56 0 10 140509540363072.
JavaScript error: undefined, line 14: Error: An unexpected error occurred
JavaScript error: moz-extension://6c417224-4c87-4691-a1ea-db800b3cc153/lib/picture_in_picture_overrides.js, line 15: Error: Incorrect argument types for pictureInPictureParent.setOverrides.
Sandbox: seccomp sandbox violation: pid 27847, tid 27847, syscall 315, args 27847 140432715434624 56 0 10 140432715434624.
JavaScript error: resource:///modules/sessionstore/SessionStore.jsm, line 1325: uncaught exception: 2147746065
1596797100770	Marionette	INFO	Listening on port 45181
1596797100838	Marionette	WARN	TLS certificate errors will be ignored for this session
Exiting due to channel error.
[Child 27847, Chrome_ChildThread] WARNING: pipe error (33): Connection reset by peer: file /build/firefox-esr-6uO2g7/firefox-esr-68.11.0esr/ipc/chromium/src/chrome/common/ipc_channel_posix.cc, line 358
Exiting due to channel error.
[Child 27847, Chrome_ChildThread] WARNING: pipe error (41): Connection reset by peer: file /build/firefox-esr-6uO2g7/firefox-esr-68.11.0esr/ipc/chromium/src/chrome/common/ipc_channel_posix.cc, line 358
[Child 27847, Chrome_ChildThread] WARNING: pipe error (3): Connection reset by peer: file /build/firefox-esr-6uO2g7/firefox-esr-68.11.0esr/ipc/chromium/src/chrome/common/ipc_channel_posix.cc, line 358
Exiting due to channel error.
JavaScript warning: https://static.adsafeprotected.com/sca.17.4.114.js, line 32: Array.slice is deprecated; use Array.prototype.slice instead
1596797118459	mozrunner::runner	INFO	Running command: "/usr/bin/firefox" "-marionette" "-foreground" "-no-remote" "-profile" "/tmp/rust_mozprofileVZrExu"
1596797119927	addons.webextension.screenshots@mozilla.org	WARN	Loading extension 'screenshots@mozilla.org': Reading manifest: Invalid extension permission: mozillaAddons
1596797119928	addons.webextension.screenshots@mozilla.org	WARN	Loading extension 'screenshots@mozilla.org': Reading manifest: Invalid extension permission: telemetry
1596797119929	addons.webextension.screenshots@mozilla.org	WARN	Loading extension 'screenshots@mozilla.org': Reading manifest: Invalid extension permission: resource://pdf.js/
1596797119929	addons.webextension.screenshots@mozilla.org	WARN	Loading extension 'screenshots@mozilla.org': Reading manifest: Invalid extension permission: about:reader*
Sandbox: seccomp sandbox violation: pid 28264, tid 28264, syscall 315, args 28264 140366566070912 56 0 10 140366566070912.
Sandbox: seccomp sandbox violation: pid 28284, tid 28284, syscall 315, args 28284 139714833099392 56 0 10 139714833099392.
JavaScript error: undefined, line 14: Error: An unexpected error occurred
JavaScript error: moz-extension://228daa96-c499-4b72-b2ea-928abf30b2cb/lib/picture_in_picture_overrides.js, line 15: Error: Incorrect argument types for pictureInPictureParent.setOverrides.
JavaScript error: resource:///modules/sessionstore/SessionStore.jsm, line 1325: uncaught exception: 2147746065
1596797124196	Marionette	INFO	Listening on port 41539
1596797124287	Marionette	WARN	TLS certificate errors will be ignored for this session
Sandbox: seccomp sandbox violation: pid 28284, tid 28414, syscall 332, args 0 0 0 4095 0 1.
Exiting due to channel error.
[Child 28284, Chrome_ChildThread] WARNING: pipe error (3): Connection reset by peer: file /build/firefox-esr-6uO2g7/firefox-esr-68.11.0esr/ipc/chromium/src/chrome/common/ipc_channel_posix.cc, line 358
Exiting due to channel error.
Exiting due to channel error.
JavaScript warning: https://static.adsafeprotected.com/sca.17.4.114.js, line 32: Array.slice is deprecated; use Array.prototype.slice instead
1596797150978	mozrunner::runner	INFO	Running command: "/usr/bin/firefox" "-marionette" "-foreground" "-no-remote" "-profile" "/tmp/rust_mozprofile6mjNSr"
1596797152730	addons.webextension.screenshots@mozilla.org	WARN	Loading extension 'screenshots@mozilla.org': Reading manifest: Invalid extension permission: mozillaAddons
1596797152731	addons.webextension.screenshots@mozilla.org	WARN	Loading extension 'screenshots@mozilla.org': Reading manifest: Invalid extension permission: telemetry
1596797152731	addons.webextension.screenshots@mozilla.org	WARN	Loading extension 'screenshots@mozilla.org': Reading manifest: Invalid extension permission: resource://pdf.js/
1596797152731	addons.webextension.screenshots@mozilla.org	WARN	Loading extension 'screenshots@mozilla.org': Reading manifest: Invalid extension permission: about:reader*
Sandbox: seccomp sandbox violation: pid 28709, tid 28709, syscall 315, args 28709 139792413039232 56 0 10 139792413039232.
JavaScript error: undefined, line 14: Error: An unexpected error occurred
Sandbox: seccomp sandbox violation: pid 28729, tid 28729, syscall 315, args 28729 140454887586432 56 0 10 140454887586432.
JavaScript error: moz-extension://e4ff3614-e76a-4ca4-81f5-e8ddd58257e9/lib/picture_in_picture_overrides.js, line 15: Error: Incorrect argument types for pictureInPictureParent.setOverrides.
JavaScript error: resource:///modules/sessionstore/SessionStore.jsm, line 1325: uncaught exception: 2147746065
1596797157630	Marionette	INFO	Listening on port 40503
1596797157707	Marionette	WARN	TLS certificate errors will be ignored for this session
Exiting due to channel error.
Exiting due to channel error.
Exiting due to channel error.
JavaScript warning: https://static.adsafeprotected.com/sca.17.4.114.js, line 32: Array.slice is deprecated; use Array.prototype.slice instead
JavaScript error: https://static.adsafeprotected.com/main.gr.19.8.110.js, line 313: TypeError: d is undefined
JavaScript error: https://static.adsafeprotected.com/main.gr.19.8.110.js, line 313: TypeError: d is undefined
[Parent 23960, Gecko_IOThread] WARNING: pipe error (61): Connection reset by peer: file /build/firefox-esr-6uO2g7/firefox-esr-68.11.0esr/ipc/chromium/src/chrome/common/ipc_channel_posix.cc, line 358
[Parent 23960, Gecko_IOThread] WARNING: pipe error (90): Connection reset by peer: file /build/firefox-esr-6uO2g7/firefox-esr-68.11.0esr/ipc/chromium/src/chrome/common/ipc_channel_posix.cc, line 358

###!!! [Parent][MessageChannel] Error: (msgtype=0x1E0074,name=PBrowser::Msg_StopIMEStateManagement) Channel error: cannot send/recv


###!!! [Parent][MessageChannel] Error: (msgtype=0x1E008F,name=PBrowser::Msg_Destroy) Channel error: cannot send/recv

A content process crashed and MOZ_CRASHREPORTER_SHUTDOWN is set, shutting down
1596797319885	Marionette	INFO	Stopped listening on port 40347
[Parent 19442, Gecko_IOThread] WARNING: pipe error (90): Connection reset by peer: file /build/firefox-esr-6uO2g7/firefox-esr-68.11.0esr/ipc/chromium/src/chrome/common/ipc_channel_posix.cc, line 358

###!!! [Parent][MessageChannel] Error: (msgtype=0x1E0074,name=PBrowser::Msg_StopIMEStateManagement) Channel error: cannot send/recv


###!!! [Parent][MessageChannel] Error: (msgtype=0x1E008F,name=PBrowser::Msg_Destroy) Channel error: cannot send/recv

A content process crashed and MOZ_CRASHREPORTER_SHUTDOWN is set, shutting down
1596797321003	Marionette	INFO	Stopped listening on port 44141
[Parent 24514, Gecko_IOThread] WARNING: pipe error (61): Connection reset by peer: file /build/firefox-esr-6uO2g7/firefox-esr-68.11.0esr/ipc/chromium/src/chrome/common/ipc_channel_posix.cc, line 358
[Parent 24514, Gecko_IOThread] WARNING: pipe error (90): Connection reset by peer: file /build/firefox-esr-6uO2g7/firefox-esr-68.11.0esr/ipc/chromium/src/chrome/common/ipc_channel_posix.cc, line 358

###!!! [Parent][MessageChannel] Error: (msgtype=0x1E0074,name=PBrowser::Msg_StopIMEStateManagement) Channel error: cannot send/recv


###!!! [Parent][MessageChannel] Error: (msgtype=0x1E008F,name=PBrowser::Msg_Destroy) Channel error: cannot send/recv

A content process crashed and MOZ_CRASHREPORTER_SHUTDOWN is set, shutting down
1596797323068	Marionette	INFO	Stopped listening on port 45465
JavaScript warning: https://static.adsafeprotected.com/sca.17.4.114.js, line 32: Array.slice is deprecated; use Array.prototype.slice instead
Exiting due to channel error.
Exiting due to channel error.
Exiting due to channel error.
Exiting due to channel error.
[GFX1-]: Receive IPC close with reason=AbnormalShutdown
Exiting due to channel error.
[Child 21616, Chrome_ChildThread] WARNING: pipe error (3): Connection reset by peer: file /build/firefox-esr-6uO2g7/firefox-esr-68.11.0esr/ipc/chromium/src/chrome/common/ipc_channel_posix.cc, line 358
Exiting due to channel error.
[Child 21150, Chrome_ChildThread] WARNING: pipe error (41): Connection reset by peer: file /build/firefox-esr-6uO2g7/firefox-esr-68.11.0esr/ipc/chromium/src/chrome/common/ipc_channel_posix.cc, line 358
Exiting due to channel error.
[GFX1-]: Receive IPC close with reason=AbnormalShutdown
Exiting due to channel error.
Exiting due to channel error.
Exiting due to channel error.
Exiting due to channel error.
[Child 20457, Chrome_ChildThread] WARNING: pipe error (3): Connection reset by peer: file /build/firefox-esr-6uO2g7/firefox-esr-68.11.0esr/ipc/chromium/src/chrome/common/ipc_channel_posix.cc, line 358
Exiting due to channel error.
1596797740396	mozrunner::runner	INFO	Running command: "/usr/bin/firefox" "-marionette" "-foreground" "-no-remote" "-profile" "/tmp/rust_mozprofileRCq0y7"
1596797740914	addons.webextension.screenshots@mozilla.org	WARN	Loading extension 'screenshots@mozilla.org': Reading manifest: Invalid extension permission: mozillaAddons
1596797740915	addons.webextension.screenshots@mozilla.org	WARN	Loading extension 'screenshots@mozilla.org': Reading manifest: Invalid extension permission: telemetry
1596797740915	addons.webextension.screenshots@mozilla.org	WARN	Loading extension 'screenshots@mozilla.org': Reading manifest: Invalid extension permission: resource://pdf.js/
1596797740915	addons.webextension.screenshots@mozilla.org	WARN	Loading extension 'screenshots@mozilla.org': Reading manifest: Invalid extension permission: about:reader*
Sandbox: seccomp sandbox violation: pid 31008, tid 31008, syscall 315, args 31008 140611032095360 56 0 10 140611032095360.
Sandbox: seccomp sandbox violation: pid 31028, tid 31028, syscall 315, args 31028 139893106867008 56 0 10 139893106867008.
JavaScript error: undefined, line 14: Error: An unexpected error occurred
JavaScript error: moz-extension://16cbaad7-46b6-4079-a9e1-05aa52c3482c/lib/picture_in_picture_overrides.js, line 15: Error: Incorrect argument types for pictureInPictureParent.setOverrides.
JavaScript error: resource:///modules/sessionstore/SessionStore.jsm, line 1325: uncaught exception: 2147746065
1596797742236	Marionette	INFO	Listening on port 35821
1596797742301	Marionette	WARN	TLS certificate errors will be ignored for this session
Sandbox: seccomp sandbox violation: pid 31028, tid 31175, syscall 332, args 0 0 0 4095 0 1.
Exiting due to channel error.
Exiting due to channel error.
Exiting due to channel error.
1596798140073	mozrunner::runner	INFO	Running command: "/usr/bin/firefox" "-marionette" "-foreground" "-no-remote" "-profile" "/tmp/rust_mozprofilebl0PwY"
1596798140654	addons.webextension.screenshots@mozilla.org	WARN	Loading extension 'screenshots@mozilla.org': Reading manifest: Invalid extension permission: mozillaAddons
1596798140654	addons.webextension.screenshots@mozilla.org	WARN	Loading extension 'screenshots@mozilla.org': Reading manifest: Invalid extension permission: telemetry
1596798140654	addons.webextension.screenshots@mozilla.org	WARN	Loading extension 'screenshots@mozilla.org': Reading manifest: Invalid extension permission: resource://pdf.js/
1596798140654	addons.webextension.screenshots@mozilla.org	WARN	Loading extension 'screenshots@mozilla.org': Reading manifest: Invalid extension permission: about:reader*
Sandbox: seccomp sandbox violation: pid 31713, tid 31713, syscall 315, args 31713 140611822721664 56 0 10 140611822721664.
JavaScript error: undefined, line 14: Error: An unexpected error occurred
Sandbox: seccomp sandbox violation: pid 31733, tid 31733, syscall 315, args 31733 139803274160768 56 0 10 139803274160768.
JavaScript error: moz-extension://181557f5-5ef5-429f-92f5-488809a23ba1/lib/picture_in_picture_overrides.js, line 15: Error: Incorrect argument types for pictureInPictureParent.setOverrides.
JavaScript error: resource:///modules/sessionstore/SessionStore.jsm, line 1325: uncaught exception: 2147746065
1596798141936	Marionette	INFO	Listening on port 43889
1596798141978	Marionette	WARN	TLS certificate errors will be ignored for this session
Sandbox: seccomp sandbox violation: pid 31733, tid 31855, syscall 332, args 0 0 0 4095 0 1.
Exiting due to channel error.
Exiting due to channel error.
Exiting due to channel error.
1596798216392	mozrunner::runner	INFO	Running command: "/usr/bin/firefox" "-marionette" "-foreground" "-no-remote" "-profile" "/tmp/rust_mozprofileoJX7IM"
1596798216861	addons.webextension.screenshots@mozilla.org	WARN	Loading extension 'screenshots@mozilla.org': Reading manifest: Invalid extension permission: mozillaAddons
1596798216861	addons.webextension.screenshots@mozilla.org	WARN	Loading extension 'screenshots@mozilla.org': Reading manifest: Invalid extension permission: telemetry
1596798216861	addons.webextension.screenshots@mozilla.org	WARN	Loading extension 'screenshots@mozilla.org': Reading manifest: Invalid extension permission: resource://pdf.js/
1596798216861	addons.webextension.screenshots@mozilla.org	WARN	Loading extension 'screenshots@mozilla.org': Reading manifest: Invalid extension permission: about:reader*
Sandbox: seccomp sandbox violation: pid 32203, tid 32203, syscall 315, args 32203 139684181109376 56 0 10 139684181109376.
Sandbox: seccomp sandbox violation: pid 32223, tid 32223, syscall 315, args 32223 140330713156224 56 0 10 140330713156224.
JavaScript error: undefined, line 14: Error: An unexpected error occurred
JavaScript error: moz-extension://ed19743f-39d5-43a6-99a5-8e76d36b8391/lib/picture_in_picture_overrides.js, line 15: Error: Incorrect argument types for pictureInPictureParent.setOverrides.
JavaScript error: resource:///modules/sessionstore/SessionStore.jsm, line 1325: uncaught exception: 2147746065
1596798218163	Marionette	INFO	Listening on port 44381
1596798218198	Marionette	WARN	TLS certificate errors will be ignored for this session
Sandbox: seccomp sandbox violation: pid 32223, tid 32352, syscall 332, args 0 0 0 4095 0 1.
Exiting due to channel error.
Exiting due to channel error.
Exiting due to channel error.
1596798249571	mozrunner::runner	INFO	Running command: "/usr/bin/firefox" "-marionette" "-foreground" "-no-remote" "-profile" "/tmp/rust_mozprofileR9SH86"
1596798250050	addons.webextension.screenshots@mozilla.org	WARN	Loading extension 'screenshots@mozilla.org': Reading manifest: Invalid extension permission: mozillaAddons
1596798250050	addons.webextension.screenshots@mozilla.org	WARN	Loading extension 'screenshots@mozilla.org': Reading manifest: Invalid extension permission: telemetry
1596798250050	addons.webextension.screenshots@mozilla.org	WARN	Loading extension 'screenshots@mozilla.org': Reading manifest: Invalid extension permission: resource://pdf.js/
1596798250050	addons.webextension.screenshots@mozilla.org	WARN	Loading extension 'screenshots@mozilla.org': Reading manifest: Invalid extension permission: about:reader*
Sandbox: seccomp sandbox violation: pid 32650, tid 32650, syscall 315, args 32650 139921463368320 56 0 10 139921463368320.
Sandbox: seccomp sandbox violation: pid 32670, tid 32670, syscall 315, args 32670 140569166695040 56 0 10 140569166695040.
JavaScript error: undefined, line 14: Error: An unexpected error occurred
JavaScript error: moz-extension://b4df7ae3-7ff1-447b-bd13-ebca999f0b51/lib/picture_in_picture_overrides.js, line 15: Error: Incorrect argument types for pictureInPictureParent.setOverrides.
JavaScript error: resource:///modules/sessionstore/SessionStore.jsm, line 1325: uncaught exception: 2147746065
1596798251337	Marionette	INFO	Listening on port 46499
1596798251376	Marionette	WARN	TLS certificate errors will be ignored for this session
Exiting due to channel error.
Exiting due to channel error.
Exiting due to channel error.
1596798255759	mozrunner::runner	INFO	Running command: "/usr/bin/firefox" "-marionette" "-foreground" "-no-remote" "-profile" "/tmp/rust_mozprofileSHAzCx"
1596798256263	addons.webextension.screenshots@mozilla.org	WARN	Loading extension 'screenshots@mozilla.org': Reading manifest: Invalid extension permission: mozillaAddons
1596798256263	addons.webextension.screenshots@mozilla.org	WARN	Loading extension 'screenshots@mozilla.org': Reading manifest: Invalid extension permission: telemetry
1596798256263	addons.webextension.screenshots@mozilla.org	WARN	Loading extension 'screenshots@mozilla.org': Reading manifest: Invalid extension permission: resource://pdf.js/
1596798256263	addons.webextension.screenshots@mozilla.org	WARN	Loading extension 'screenshots@mozilla.org': Reading manifest: Invalid extension permission: about:reader*
Sandbox: seccomp sandbox violation: pid 32986, tid 32986, syscall 315, args 32986 140700297378432 56 0 10 140700297378432.
Sandbox: seccomp sandbox violation: pid 33006, tid 33006, syscall 315, args 33006 139869284080256 56 0 10 139869284080256.
JavaScript error: undefined, line 14: Error: An unexpected error occurred
JavaScript error: moz-extension://cd644732-712c-40b6-a1dd-52085c5a989b/lib/picture_in_picture_overrides.js, line 15: Error: Incorrect argument types for pictureInPictureParent.setOverrides.
JavaScript error: resource:///modules/sessionstore/SessionStore.jsm, line 1325: uncaught exception: 2147746065
1596798257535	Marionette	INFO	Listening on port 38019
1596798257563	Marionette	WARN	TLS certificate errors will be ignored for this session
Sandbox: seccomp sandbox violation: pid 33006, tid 33127, syscall 332, args 0 0 0 4095 0 1.
Sandbox: Unexpected EOF, op 2 flags 00 path /etc/localtime
Exiting due to channel error.
Exiting due to channel error.
Exiting due to channel error.
1596798435467	mozrunner::runner	INFO	Running command: "/usr/bin/firefox" "-marionette" "-foreground" "-no-remote" "-profile" "/tmp/rust_mozprofileM03g7b"
1596798435934	addons.webextension.screenshots@mozilla.org	WARN	Loading extension 'screenshots@mozilla.org': Reading manifest: Invalid extension permission: mozillaAddons
1596798435935	addons.webextension.screenshots@mozilla.org	WARN	Loading extension 'screenshots@mozilla.org': Reading manifest: Invalid extension permission: telemetry
1596798435935	addons.webextension.screenshots@mozilla.org	WARN	Loading extension 'screenshots@mozilla.org': Reading manifest: Invalid extension permission: resource://pdf.js/
1596798435935	addons.webextension.screenshots@mozilla.org	WARN	Loading extension 'screenshots@mozilla.org': Reading manifest: Invalid extension permission: about:reader*
Sandbox: seccomp sandbox violation: pid 33450, tid 33450, syscall 315, args 33450 140471155362624 56 0 10 140471155362624.
Sandbox: seccomp sandbox violation: pid 33470, tid 33470, syscall 315, args 33470 140466467031680 56 0 10 140466467031680.
JavaScript error: undefined, line 14: Error: An unexpected error occurred
JavaScript error: moz-extension://1cd020e5-3ad1-45ad-9743-ed92f0933168/lib/picture_in_picture_overrides.js, line 15: Error: Incorrect argument types for pictureInPictureParent.setOverrides.
JavaScript error: resource:///modules/sessionstore/SessionStore.jsm, line 1325: uncaught exception: 2147746065
1596798437215	Marionette	INFO	Listening on port 35019
1596798437274	Marionette	WARN	TLS certificate errors will be ignored for this session
Sandbox: seccomp sandbox violation: pid 33470, tid 33621, syscall 332, args 0 0 0 4095 0 1.
Exiting due to channel error.
Exiting due to channel error.
Exiting due to channel error.
1596798508264	mozrunner::runner	INFO	Running command: "/usr/bin/firefox" "-marionette" "-foreground" "-no-remote" "-profile" "/tmp/rust_mozprofilehTVD03"
1596798508731	addons.webextension.screenshots@mozilla.org	WARN	Loading extension 'screenshots@mozilla.org': Reading manifest: Invalid extension permission: mozillaAddons
1596798508731	addons.webextension.screenshots@mozilla.org	WARN	Loading extension 'screenshots@mozilla.org': Reading manifest: Invalid extension permission: telemetry
1596798508731	addons.webextension.screenshots@mozilla.org	WARN	Loading extension 'screenshots@mozilla.org': Reading manifest: Invalid extension permission: resource://pdf.js/
1596798508731	addons.webextension.screenshots@mozilla.org	WARN	Loading extension 'screenshots@mozilla.org': Reading manifest: Invalid extension permission: about:reader*
Sandbox: seccomp sandbox violation: pid 34002, tid 34002, syscall 315, args 34002 140595990334080 56 0 10 140595990334080.
JavaScript error: undefined, line 14: Error: An unexpected error occurred
Sandbox: seccomp sandbox violation: pid 34022, tid 34022, syscall 315, args 34022 140676460083840 56 0 10 140676460083840.
JavaScript error: moz-extension://f43b4c15-549c-4457-aa04-f0bb0708e602/lib/picture_in_picture_overrides.js, line 15: Error: Incorrect argument types for pictureInPictureParent.setOverrides.
JavaScript error: resource:///modules/sessionstore/SessionStore.jsm, line 1325: uncaught exception: 2147746065
Exiting due to channel error.
Exiting due to channel error.
Sandbox: Unexpected EOF, op 2 flags 00 path /etc/localtime
1596798524363	mozrunner::runner	INFO	Running command: "/usr/bin/firefox" "-marionette" "-foreground" "-no-remote" "-profile" "/tmp/rust_mozprofile4gSIVx"
1596798524857	addons.webextension.screenshots@mozilla.org	WARN	Loading extension 'screenshots@mozilla.org': Reading manifest: Invalid extension permission: mozillaAddons
1596798524857	addons.webextension.screenshots@mozilla.org	WARN	Loading extension 'screenshots@mozilla.org': Reading manifest: Invalid extension permission: telemetry
1596798524857	addons.webextension.screenshots@mozilla.org	WARN	Loading extension 'screenshots@mozilla.org': Reading manifest: Invalid extension permission: resource://pdf.js/
1596798524857	addons.webextension.screenshots@mozilla.org	WARN	Loading extension 'screenshots@mozilla.org': Reading manifest: Invalid extension permission: about:reader*
Sandbox: seccomp sandbox violation: pid 34508, tid 34508, syscall 315, args 34508 140580258531968 56 0 10 140580258531968.
Sandbox: seccomp sandbox violation: pid 34528, tid 34528, syscall 315, args 34528 140440012532352 56 0 10 140440012532352.
JavaScript error: undefined, line 14: Error: An unexpected error occurred
JavaScript error: moz-extension://5c46b7f8-8107-4f2f-9fa9-34d9c78905fd/lib/picture_in_picture_overrides.js, line 15: Error: Incorrect argument types for pictureInPictureParent.setOverrides.
JavaScript error: resource:///modules/sessionstore/SessionStore.jsm, line 1325: uncaught exception: 2147746065
1596798526122	Marionette	INFO	Listening on port 36939
1596798526168	Marionette	WARN	TLS certificate errors will be ignored for this session
Exiting due to channel error.
Exiting due to channel error.
Exiting due to channel error.
1596798571901	mozrunner::runner	INFO	Running command: "/usr/bin/firefox" "-marionette" "-foreground" "-no-remote" "-profile" "/tmp/rust_mozprofileIi6uZG"
1596798572361	addons.webextension.screenshots@mozilla.org	WARN	Loading extension 'screenshots@mozilla.org': Reading manifest: Invalid extension permission: mozillaAddons
1596798572361	addons.webextension.screenshots@mozilla.org	WARN	Loading extension 'screenshots@mozilla.org': Reading manifest: Invalid extension permission: telemetry
1596798572362	addons.webextension.screenshots@mozilla.org	WARN	Loading extension 'screenshots@mozilla.org': Reading manifest: Invalid extension permission: resource://pdf.js/
1596798572362	addons.webextension.screenshots@mozilla.org	WARN	Loading extension 'screenshots@mozilla.org': Reading manifest: Invalid extension permission: about:reader*
Sandbox: seccomp sandbox violation: pid 35240, tid 35240, syscall 315, args 35240 140552789969536 56 0 10 140552789969536.
Sandbox: seccomp sandbox violation: pid 35260, tid 35260, syscall 315, args 35260 139820474968704 56 0 10 139820474968704.
JavaScript error: undefined, line 14: Error: An unexpected error occurred
JavaScript error: moz-extension://83d98077-34dc-4a4a-8183-147c94e52efb/lib/picture_in_picture_overrides.js, line 15: Error: Incorrect argument types for pictureInPictureParent.setOverrides.
JavaScript error: resource:///modules/sessionstore/SessionStore.jsm, line 1325: uncaught exception: 2147746065
1596798573680	Marionette	INFO	Listening on port 40955
1596798573708	Marionette	WARN	TLS certificate errors will be ignored for this session
Sandbox: seccomp sandbox violation: pid 35260, tid 35411, syscall 332, args 0 0 0 4095 0 1.
JavaScript warning: https://static.adsafeprotected.com/sca.17.4.114.js, line 32: Array.slice is deprecated; use Array.prototype.slice instead
Exiting due to channel error.
Exiting due to channel error.
Sandbox: Unexpected EOF, op 2 flags 00 path /etc/localtime
Gdk-Message: 11:09:47.064: /usr/lib/firefox-esr/firefox-esr: Fatal IO error 11 (Resource temporarily unavailable) on X server :1029.

1596800263294	mozrunner::runner	INFO	Running command: "/usr/bin/firefox" "-marionette" "-foreground" "-no-remote" "-profile" "/tmp/rust_mozprofilekRcYXJ"
1596800263839	addons.webextension.screenshots@mozilla.org	WARN	Loading extension 'screenshots@mozilla.org': Reading manifest: Invalid extension permission: mozillaAddons
1596800263839	addons.webextension.screenshots@mozilla.org	WARN	Loading extension 'screenshots@mozilla.org': Reading manifest: Invalid extension permission: telemetry
1596800263839	addons.webextension.screenshots@mozilla.org	WARN	Loading extension 'screenshots@mozilla.org': Reading manifest: Invalid extension permission: resource://pdf.js/
1596800263840	addons.webextension.screenshots@mozilla.org	WARN	Loading extension 'screenshots@mozilla.org': Reading manifest: Invalid extension permission: about:reader*
JavaScript error: undefined, line 14: Error: An unexpected error occurred
JavaScript error: moz-extension://cad677d0-06b0-4b25-8114-2a7a31fad165/lib/picture_in_picture_overrides.js, line 15: Error: Incorrect argument types for pictureInPictureParent.setOverrides.
JavaScript error: resource:///modules/sessionstore/SessionStore.jsm, line 1325: uncaught exception: 2147746065
1596800266063	Marionette	INFO	Listening on port 33767
1596800266103	Marionette	WARN	TLS certificate errors will be ignored for this session
1596800272551	Marionette	INFO	Stopped listening on port 33767
1596800280513	mozrunner::runner	INFO	Running command: "/usr/bin/firefox" "-marionette" "-foreground" "-no-remote" "-profile" "/tmp/rust_mozprofilevuVDwa"
1596800281070	addons.webextension.screenshots@mozilla.org	WARN	Loading extension 'screenshots@mozilla.org': Reading manifest: Invalid extension permission: mozillaAddons
1596800281071	addons.webextension.screenshots@mozilla.org	WARN	Loading extension 'screenshots@mozilla.org': Reading manifest: Invalid extension permission: telemetry
1596800281071	addons.webextension.screenshots@mozilla.org	WARN	Loading extension 'screenshots@mozilla.org': Reading manifest: Invalid extension permission: resource://pdf.js/
1596800281071	addons.webextension.screenshots@mozilla.org	WARN	Loading extension 'screenshots@mozilla.org': Reading manifest: Invalid extension permission: about:reader*
JavaScript error: undefined, line 14: Error: An unexpected error occurred
JavaScript error: moz-extension://2a303a9b-b2dc-4e97-ad2d-8fccd29157f9/lib/picture_in_picture_overrides.js, line 15: Error: Incorrect argument types for pictureInPictureParent.setOverrides.
JavaScript error: resource:///modules/sessionstore/SessionStore.jsm, line 1325: uncaught exception: 2147746065
1596800282893	Marionette	INFO	Listening on port 35813
1596800282921	Marionette	WARN	TLS certificate errors will be ignored for this session
Sandbox: seccomp sandbox violation: pid 38597, tid 38728, syscall 332, args 0 0 0 4095 0 1.
1596800311687	mozrunner::runner	INFO	Running command: "/usr/bin/firefox" "-marionette" "-foreground" "-no-remote" "-profile" "/tmp/rust_mozprofileZoxmLK"
1596800312316	addons.webextension.screenshots@mozilla.org	WARN	Loading extension 'screenshots@mozilla.org': Reading manifest: Invalid extension permission: mozillaAddons
1596800312316	addons.webextension.screenshots@mozilla.org	WARN	Loading extension 'screenshots@mozilla.org': Reading manifest: Invalid extension permission: telemetry
1596800312316	addons.webextension.screenshots@mozilla.org	WARN	Loading extension 'screenshots@mozilla.org': Reading manifest: Invalid extension permission: resource://pdf.js/
1596800312316	addons.webextension.screenshots@mozilla.org	WARN	Loading extension 'screenshots@mozilla.org': Reading manifest: Invalid extension permission: about:reader*
JavaScript error: undefined, line 14: Error: An unexpected error occurred
JavaScript error: moz-extension://3fb66a19-6b40-4dfe-be0a-025afd788c66/lib/picture_in_picture_overrides.js, line 15: Error: Incorrect argument types for pictureInPictureParent.setOverrides.
JavaScript error: resource:///modules/sessionstore/SessionStore.jsm, line 1325: uncaught exception: 2147746065
1596800314730	Marionette	INFO	Listening on port 42961
1596800314796	Marionette	WARN	TLS certificate errors will be ignored for this session
Sandbox: seccomp sandbox violation: pid 38916, tid 39046, syscall 332, args 0 0 0 4095 0 1.
JavaScript warning: https://static.adsafeprotected.com/sca.17.4.114.js, line 32: Array.slice is deprecated; use Array.prototype.slice instead
JavaScript warning: https://static.adsafeprotected.com/sca.17.4.114.js, line 32: Array.slice is deprecated; use Array.prototype.slice instead
1596800461871	mozrunner::runner	INFO	Running command: "/usr/bin/firefox" "-marionette" "-foreground" "-no-remote" "-profile" "/tmp/rust_mozprofileSpdLME"
1596800462511	addons.webextension.screenshots@mozilla.org	WARN	Loading extension 'screenshots@mozilla.org': Reading manifest: Invalid extension permission: mozillaAddons
1596800462511	addons.webextension.screenshots@mozilla.org	WARN	Loading extension 'screenshots@mozilla.org': Reading manifest: Invalid extension permission: telemetry
1596800462512	addons.webextension.screenshots@mozilla.org	WARN	Loading extension 'screenshots@mozilla.org': Reading manifest: Invalid extension permission: resource://pdf.js/
1596800462512	addons.webextension.screenshots@mozilla.org	WARN	Loading extension 'screenshots@mozilla.org': Reading manifest: Invalid extension permission: about:reader*
JavaScript error: undefined, line 14: Error: An unexpected error occurred
JavaScript error: moz-extension://b0d3ba5b-b56c-466d-a269-62da7b3efd1f/lib/picture_in_picture_overrides.js, line 15: Error: Incorrect argument types for pictureInPictureParent.setOverrides.
JavaScript error: resource:///modules/sessionstore/SessionStore.jsm, line 1325: uncaught exception: 2147746065
1596800465115	Marionette	INFO	Listening on port 33117
1596800465179	Marionette	WARN	TLS certificate errors will be ignored for this session
Sandbox: seccomp sandbox violation: pid 39482, tid 39629, syscall 332, args 0 0 0 4095 0 1.

###!!! [Child][MessageChannel] Error: (msgtype=0x530012,name=PHttpChannel::Msg___delete__) Channel closing: too late to send/recv, messages will be lost


###!!! [Child][RunMessage] Error: Channel closing: too late to send/recv, messages will be lost


###!!! [Child][RunMessage] Error: Channel closing: too late to send/recv, messages will be lost


###!!! [Child][RunMessage] Error: Channel closing: too late to send/recv, messages will be lost


###!!! [Child][RunMessage] Error: Channel closing: too late to send/recv, messages will be lost

1596800476475	Marionette	INFO	Stopped listening on port 33117
1596800479505	Marionette	INFO	Stopped listening on port 42961
1596800482715	Marionette	INFO	Stopped listening on port 35813
1596800499936	mozrunner::runner	INFO	Running command: "/usr/bin/firefox" "-marionette" "-foreground" "-no-remote" "-profile" "/tmp/rust_mozprofileYMSE0I"
1596800500448	addons.webextension.screenshots@mozilla.org	WARN	Loading extension 'screenshots@mozilla.org': Reading manifest: Invalid extension permission: mozillaAddons
1596800500448	addons.webextension.screenshots@mozilla.org	WARN	Loading extension 'screenshots@mozilla.org': Reading manifest: Invalid extension permission: telemetry
1596800500449	addons.webextension.screenshots@mozilla.org	WARN	Loading extension 'screenshots@mozilla.org': Reading manifest: Invalid extension permission: resource://pdf.js/
1596800500449	addons.webextension.screenshots@mozilla.org	WARN	Loading extension 'screenshots@mozilla.org': Reading manifest: Invalid extension permission: about:reader*
JavaScript error: undefined, line 14: Error: An unexpected error occurred
JavaScript error: moz-extension://712e2432-0d83-4517-bdb1-b0d7a1bad9a4/lib/picture_in_picture_overrides.js, line 15: Error: Incorrect argument types for pictureInPictureParent.setOverrides.
JavaScript error: resource:///modules/sessionstore/SessionStore.jsm, line 1325: uncaught exception: 2147746065
1596800502254	Marionette	INFO	Listening on port 46481
1596800502341	Marionette	WARN	TLS certificate errors will be ignored for this session
Sandbox: seccomp sandbox violation: pid 39870, tid 40010, syscall 332, args 0 0 0 4095 0 1.
JavaScript warning: https://static.adsafeprotected.com/sca.17.4.114.js, line 32: Array.slice is deprecated; use Array.prototype.slice instead
1596800639867	mozrunner::runner	INFO	Running command: "/usr/bin/firefox" "-marionette" "-foreground" "-no-remote" "-profile" "/tmp/rust_mozprofileIJ4fPc"
1596800640406	addons.webextension.screenshots@mozilla.org	WARN	Loading extension 'screenshots@mozilla.org': Reading manifest: Invalid extension permission: mozillaAddons
1596800640406	addons.webextension.screenshots@mozilla.org	WARN	Loading extension 'screenshots@mozilla.org': Reading manifest: Invalid extension permission: telemetry
1596800640406	addons.webextension.screenshots@mozilla.org	WARN	Loading extension 'screenshots@mozilla.org': Reading manifest: Invalid extension permission: resource://pdf.js/
1596800640406	addons.webextension.screenshots@mozilla.org	WARN	Loading extension 'screenshots@mozilla.org': Reading manifest: Invalid extension permission: about:reader*
JavaScript error: undefined, line 14: Error: An unexpected error occurred
JavaScript error: moz-extension://61b94bb2-fc3a-47d6-b70b-e97dd6828826/lib/picture_in_picture_overrides.js, line 15: Error: Incorrect argument types for pictureInPictureParent.setOverrides.
JavaScript error: resource:///modules/sessionstore/SessionStore.jsm, line 1325: uncaught exception: 2147746065
1596800642311	Marionette	INFO	Listening on port 46765
1596800642374	Marionette	WARN	TLS certificate errors will be ignored for this session
Sandbox: seccomp sandbox violation: pid 40315, tid 40435, syscall 332, args 0 0 0 4095 0 1.
1596800653603	Marionette	INFO	Stopped listening on port 46765
[Child 39870, MediaPlayback #3] WARNING: Decoder=7f48222e2800 state=DECODING_METADATA Decode metadata failed, shutting down decoder: file /build/firefox-esr-6uO2g7/firefox-esr-68.11.0esr/dom/media/MediaDecoderStateMachine.cpp, line 351
[Child 39870, MediaPlayback #3] WARNING: Decoder=7f48222e2800 Decode error: NS_ERROR_DOM_MEDIA_METADATA_ERR (0x806e0006) - static mozilla::MP4Metadata::ResultAndByteBuffer mozilla::MP4Metadata::Metadata(mozilla::ByteStream*): Cannot parse metadata: file /build/firefox-esr-6uO2g7/firefox-esr-68.11.0esr/dom/media/MediaDecoderStateMachine.cpp, line 3307
JavaScript error: https://static.doviz.com/js/common.1595855224.js, line 13: TypeError: b is null
1596800974401	mozrunner::runner	INFO	Running command: "/usr/bin/firefox" "-marionette" "-foreground" "-no-remote" "-profile" "/tmp/rust_mozprofile5KL4et"
1596800974952	addons.webextension.screenshots@mozilla.org	WARN	Loading extension 'screenshots@mozilla.org': Reading manifest: Invalid extension permission: mozillaAddons
1596800974952	addons.webextension.screenshots@mozilla.org	WARN	Loading extension 'screenshots@mozilla.org': Reading manifest: Invalid extension permission: telemetry
1596800974953	addons.webextension.screenshots@mozilla.org	WARN	Loading extension 'screenshots@mozilla.org': Reading manifest: Invalid extension permission: resource://pdf.js/
1596800974953	addons.webextension.screenshots@mozilla.org	WARN	Loading extension 'screenshots@mozilla.org': Reading manifest: Invalid extension permission: about:reader*
Sandbox: seccomp sandbox violation: pid 41137, tid 41137, syscall 315, args 41137 139952560028032 56 0 10 139952560028032.
Sandbox: seccomp sandbox violation: pid 41157, tid 41157, syscall 315, args 41157 140650636958528 56 0 10 140650636958528.
JavaScript error: undefined, line 14: Error: An unexpected error occurred
JavaScript error: moz-extension://f8d1bc6f-1758-44c0-87de-e9b2b95bbb9c/lib/picture_in_picture_overrides.js, line 15: Error: Incorrect argument types for pictureInPictureParent.setOverrides.
JavaScript error: resource:///modules/sessionstore/SessionStore.jsm, line 1325: uncaught exception: 2147746065
1596800976535	Marionette	INFO	Listening on port 43323
1596800976640	Marionette	WARN	TLS certificate errors will be ignored for this session
Sandbox: seccomp sandbox violation: pid 41157, tid 41301, syscall 332, args 0 0 0 4095 0 1.
Exiting due to channel error.
Exiting due to channel error.
[Child 41157, Chrome_ChildThread] WARNING: pipe error (3): Connection reset by peer: file /build/firefox-esr-6uO2g7/firefox-esr-68.11.0esr/ipc/chromium/src/chrome/common/ipc_channel_posix.cc, line 358
Exiting due to channel error.
1596801007650	mozrunner::runner	INFO	Running command: "/usr/bin/firefox" "-marionette" "-foreground" "-no-remote" "-profile" "/tmp/rust_mozprofile9p9Ew2"
1596801008257	addons.webextension.screenshots@mozilla.org	WARN	Loading extension 'screenshots@mozilla.org': Reading manifest: Invalid extension permission: mozillaAddons
1596801008257	addons.webextension.screenshots@mozilla.org	WARN	Loading extension 'screenshots@mozilla.org': Reading manifest: Invalid extension permission: telemetry
1596801008258	addons.webextension.screenshots@mozilla.org	WARN	Loading extension 'screenshots@mozilla.org': Reading manifest: Invalid extension permission: resource://pdf.js/
1596801008258	addons.webextension.screenshots@mozilla.org	WARN	Loading extension 'screenshots@mozilla.org': Reading manifest: Invalid extension permission: about:reader*
Sandbox: seccomp sandbox violation: pid 41597, tid 41597, syscall 315, args 41597 140199368522368 56 0 10 140199368522368.
JavaScript error: undefined, line 14: Error: An unexpected error occurred
JavaScript error: moz-extension://93aefee4-edee-4a08-8baa-520c330e7ee5/lib/picture_in_picture_overrides.js, line 15: Error: Incorrect argument types for pictureInPictureParent.setOverrides.
Sandbox: seccomp sandbox violation: pid 41617, tid 41617, syscall 315, args 41617 139870801386112 56 0 10 139870801386112.
JavaScript error: resource:///modules/sessionstore/SessionStore.jsm, line 1325: uncaught exception: 2147746065
1596801009883	Marionette	INFO	Listening on port 35059
1596801009998	Marionette	WARN	TLS certificate errors will be ignored for this session
Sandbox: seccomp sandbox violation: pid 41617, tid 41746, syscall 332, args 0 0 0 4095 0 1.
JavaScript warning: https://static.adsafeprotected.com/sca.17.4.114.js, line 32: Array.slice is deprecated; use Array.prototype.slice instead
JavaScript warning: https://static.adsafeprotected.com/sca.17.4.114.js, line 32: Array.slice is deprecated; use Array.prototype.slice instead
[Child 41617, MediaPlayback #3] WARNING: Decoder=7f3623bee400 state=DECODING_METADATA Decode metadata failed, shutting down decoder: file /build/firefox-esr-6uO2g7/firefox-esr-68.11.0esr/dom/media/MediaDecoderStateMachine.cpp, line 351
[Child 41617, MediaPlayback #3] WARNING: Decoder=7f3623bee400 Decode error: NS_ERROR_DOM_MEDIA_METADATA_ERR (0x806e0006) - static mozilla::MP4Metadata::ResultAndByteBuffer mozilla::MP4Metadata::Metadata(mozilla::ByteStream*): Cannot parse metadata: file /build/firefox-esr-6uO2g7/firefox-esr-68.11.0esr/dom/media/MediaDecoderStateMachine.cpp, line 3307
Exiting due to channel error.
Exiting due to channel error.
Exiting due to channel error.
1596801294733	mozrunner::runner	INFO	Running command: "/usr/bin/firefox" "-marionette" "-foreground" "-no-remote" "-profile" "/tmp/rust_mozprofile20qEah"
1596801295263	addons.webextension.screenshots@mozilla.org	WARN	Loading extension 'screenshots@mozilla.org': Reading manifest: Invalid extension permission: mozillaAddons
1596801295263	addons.webextension.screenshots@mozilla.org	WARN	Loading extension 'screenshots@mozilla.org': Reading manifest: Invalid extension permission: telemetry
1596801295263	addons.webextension.screenshots@mozilla.org	WARN	Loading extension 'screenshots@mozilla.org': Reading manifest: Invalid extension permission: resource://pdf.js/
1596801295263	addons.webextension.screenshots@mozilla.org	WARN	Loading extension 'screenshots@mozilla.org': Reading manifest: Invalid extension permission: about:reader*
Sandbox: seccomp sandbox violation: pid 42457, tid 42457, syscall 315, args 42457 140310409534080 56 0 10 140310409534080.
JavaScript error: undefined, line 14: Error: An unexpected error occurred
Sandbox: seccomp sandbox violation: pid 42477, tid 42477, syscall 315, args 42477 140125844551744 56 0 10 140125844551744.
JavaScript error: moz-extension://422b5050-f3ce-4762-a60e-27fb82f24974/lib/picture_in_picture_overrides.js, line 15: Error: Incorrect argument types for pictureInPictureParent.setOverrides.
JavaScript error: resource:///modules/sessionstore/SessionStore.jsm, line 1325: uncaught exception: 2147746065
1596801296716	Marionette	INFO	Listening on port 39913
1596801296938	Marionette	WARN	TLS certificate errors will be ignored for this session
Exiting due to channel error.
Exiting due to channel error.
Exiting due to channel error.
1596801334336	mozrunner::runner	INFO	Running command: "/usr/bin/firefox" "-marionette" "-foreground" "-no-remote" "-profile" "/tmp/rust_mozprofileue3JZ7"
1596801334870	addons.webextension.screenshots@mozilla.org	WARN	Loading extension 'screenshots@mozilla.org': Reading manifest: Invalid extension permission: mozillaAddons
1596801334871	addons.webextension.screenshots@mozilla.org	WARN	Loading extension 'screenshots@mozilla.org': Reading manifest: Invalid extension permission: telemetry
1596801334871	addons.webextension.screenshots@mozilla.org	WARN	Loading extension 'screenshots@mozilla.org': Reading manifest: Invalid extension permission: resource://pdf.js/
1596801334871	addons.webextension.screenshots@mozilla.org	WARN	Loading extension 'screenshots@mozilla.org': Reading manifest: Invalid extension permission: about:reader*
Sandbox: seccomp sandbox violation: pid 42924, tid 42924, syscall 315, args 42924 140671913491072 56 0 10 140671913491072.
Sandbox: seccomp sandbox violation: pid 42944, tid 42944, syscall 315, args 42944 139823021980288 56 0 10 139823021980288.
JavaScript error: undefined, line 14: Error: An unexpected error occurred
JavaScript error: moz-extension://1c77b863-4124-445c-b870-3e28d79cd276/lib/picture_in_picture_overrides.js, line 15: Error: Incorrect argument types for pictureInPictureParent.setOverrides.
JavaScript error: resource:///modules/sessionstore/SessionStore.jsm, line 1325: uncaught exception: 2147746065
1596801336349	Marionette	INFO	Listening on port 42105
1596801336471	Marionette	WARN	TLS certificate errors will be ignored for this session
Sandbox: seccomp sandbox violation: pid 42944, tid 43079, syscall 332, args 0 0 0 4095 0 1.
Exiting due to channel error.
Exiting due to channel error.
Exiting due to channel error.
JavaScript warning: https://static.adsafeprotected.com/sca.17.4.114.js, line 32: Array.slice is deprecated; use Array.prototype.slice instead
1596801490454	mozrunner::runner	INFO	Running command: "/usr/bin/firefox" "-marionette" "-foreground" "-no-remote" "-profile" "/tmp/rust_mozprofileE9CXF3"
1596801491081	addons.webextension.screenshots@mozilla.org	WARN	Loading extension 'screenshots@mozilla.org': Reading manifest: Invalid extension permission: mozillaAddons
1596801491081	addons.webextension.screenshots@mozilla.org	WARN	Loading extension 'screenshots@mozilla.org': Reading manifest: Invalid extension permission: telemetry
1596801491081	addons.webextension.screenshots@mozilla.org	WARN	Loading extension 'screenshots@mozilla.org': Reading manifest: Invalid extension permission: resource://pdf.js/
1596801491081	addons.webextension.screenshots@mozilla.org	WARN	Loading extension 'screenshots@mozilla.org': Reading manifest: Invalid extension permission: about:reader*
Sandbox: seccomp sandbox violation: pid 43541, tid 43541, syscall 315, args 43541 140313060366976 56 0 10 140313060366976.
JavaScript error: undefined, line 14: Error: An unexpected error occurred
Sandbox: seccomp sandbox violation: pid 43561, tid 43561, syscall 315, args 43561 140535721289984 56 0 10 140535721289984.
JavaScript error: moz-extension://daa2f685-f635-4d75-902c-005da1b76b87/lib/picture_in_picture_overrides.js, line 15: Error: Incorrect argument types for pictureInPictureParent.setOverrides.
JavaScript error: resource:///modules/sessionstore/SessionStore.jsm, line 1325: uncaught exception: 2147746065
1596801492904	Marionette	INFO	Listening on port 36543
1596801492959	Marionette	WARN	TLS certificate errors will be ignored for this session
Sandbox: seccomp sandbox violation: pid 43561, tid 43712, syscall 332, args 0 0 0 4095 0 1.
Gdk-Message: 14:58:54.535: /usr/lib/firefox-esr/firefox-esr: Fatal IO error 11 (Resource temporarily unavailable) on X server :1029.

Exiting due to channel error.
Exiting due to channel error.
1596801578067	mozrunner::runner	INFO	Running command: "/usr/bin/firefox" "-marionette" "-foreground" "-no-remote" "-profile" "/tmp/rust_mozprofileXag1Q4"
1596801578627	addons.webextension.screenshots@mozilla.org	WARN	Loading extension 'screenshots@mozilla.org': Reading manifest: Invalid extension permission: mozillaAddons
1596801578627	addons.webextension.screenshots@mozilla.org	WARN	Loading extension 'screenshots@mozilla.org': Reading manifest: Invalid extension permission: telemetry
1596801578627	addons.webextension.screenshots@mozilla.org	WARN	Loading extension 'screenshots@mozilla.org': Reading manifest: Invalid extension permission: resource://pdf.js/
1596801578627	addons.webextension.screenshots@mozilla.org	WARN	Loading extension 'screenshots@mozilla.org': Reading manifest: Invalid extension permission: about:reader*
Sandbox: seccomp sandbox violation: pid 44107, tid 44107, syscall 315, args 44107 140403796781696 56 0 10 140403796781696.
JavaScript error: undefined, line 14: Error: An unexpected error occurred
JavaScript error: moz-extension://7263d530-1dcc-4c14-8104-748f2cc57d6d/lib/picture_in_picture_overrides.js, line 15: Error: Incorrect argument types for pictureInPictureParent.setOverrides.
Sandbox: seccomp sandbox violation: pid 44127, tid 44127, syscall 315, args 44127 140599457929856 56 0 10 140599457929856.
JavaScript error: resource:///modules/sessionstore/SessionStore.jsm, line 1325: uncaught exception: 2147746065
1596801580150	Marionette	INFO	Listening on port 37615
1596801580374	Marionette	WARN	TLS certificate errors will be ignored for this session
Gdk-Message: 14:59:50.487: /usr/lib/firefox-esr/firefox-esr: Fatal IO error 11 (Resource temporarily unavailable) on X server :1029.

Exiting due to channel error.
Exiting due to channel error.
1596801622222	mozrunner::runner	INFO	Running command: "/usr/bin/firefox" "-marionette" "-foreground" "-no-remote" "-profile" "/tmp/rust_mozprofilewIRH4B"
1596801622767	addons.webextension.screenshots@mozilla.org	WARN	Loading extension 'screenshots@mozilla.org': Reading manifest: Invalid extension permission: mozillaAddons
1596801622768	addons.webextension.screenshots@mozilla.org	WARN	Loading extension 'screenshots@mozilla.org': Reading manifest: Invalid extension permission: telemetry
1596801622768	addons.webextension.screenshots@mozilla.org	WARN	Loading extension 'screenshots@mozilla.org': Reading manifest: Invalid extension permission: resource://pdf.js/
1596801622768	addons.webextension.screenshots@mozilla.org	WARN	Loading extension 'screenshots@mozilla.org': Reading manifest: Invalid extension permission: about:reader*
Sandbox: seccomp sandbox violation: pid 44542, tid 44542, syscall 315, args 44542 139926652775040 56 0 10 139926652775040.
Sandbox: seccomp sandbox violation: pid 44562, tid 44562, syscall 315, args 44562 139715049106048 56 0 10 139715049106048.
JavaScript error: undefined, line 14: Error: An unexpected error occurred
JavaScript error: moz-extension://1c441ea3-e3ef-4edd-8abe-108566d232e2/lib/picture_in_picture_overrides.js, line 15: Error: Incorrect argument types for pictureInPictureParent.setOverrides.
JavaScript error: resource:///modules/sessionstore/SessionStore.jsm, line 1325: uncaught exception: 2147746065
1596801624300	Marionette	INFO	Listening on port 39509
1596801624428	Marionette	WARN	TLS certificate errors will be ignored for this session
Sandbox: seccomp sandbox violation: pid 44562, tid 44704, syscall 332, args 0 0 0 4095 0 1.
JavaScript error: , line 0: TypeError: NetworkError when attempting to fetch resource.
JavaScript warning: https://static.adsafeprotected.com/sca.17.4.114.js, line 32: Array.slice is deprecated; use Array.prototype.slice instead
JavaScript warning: https://static.adsafeprotected.com/sca.17.4.114.js, line 32: Array.slice is deprecated; use Array.prototype.slice instead
JavaScript error: https://static.doviz.com/js/common.1595855224.js, line 13: TypeError: b is null
1596801885964	Marionette	INFO	Stopped listening on port 46481
JavaScript error: https://static.doviz.com/js/common.1595855224.js, line 13: TypeError: b is null
JavaScript warning: https://static.adsafeprotected.com/sca.17.4.114.js, line 32: Array.slice is deprecated; use Array.prototype.slice instead
Exiting due to channel error.
Exiting due to channel error.
Exiting due to channel error.
1596802141975	mozrunner::runner	INFO	Running command: "/usr/bin/firefox" "-marionette" "-foreground" "-no-remote" "-profile" "/tmp/rust_mozprofileeF79op"
1596802142531	addons.webextension.screenshots@mozilla.org	WARN	Loading extension 'screenshots@mozilla.org': Reading manifest: Invalid extension permission: mozillaAddons
1596802142532	addons.webextension.screenshots@mozilla.org	WARN	Loading extension 'screenshots@mozilla.org': Reading manifest: Invalid extension permission: telemetry
1596802142532	addons.webextension.screenshots@mozilla.org	WARN	Loading extension 'screenshots@mozilla.org': Reading manifest: Invalid extension permission: resource://pdf.js/
1596802142532	addons.webextension.screenshots@mozilla.org	WARN	Loading extension 'screenshots@mozilla.org': Reading manifest: Invalid extension permission: about:reader*
Sandbox: seccomp sandbox violation: pid 45755, tid 45755, syscall 315, args 45755 140132710521472 56 0 10 140132710521472.
JavaScript error: undefined, line 14: Error: An unexpected error occurred
JavaScript error: moz-extension://b703856f-f665-4d69-a856-2d504fc5e18f/lib/picture_in_picture_overrides.js, line 15: Error: Incorrect argument types for pictureInPictureParent.setOverrides.
Sandbox: seccomp sandbox violation: pid 45775, tid 45775, syscall 315, args 45775 140199927495040 56 0 10 140199927495040.
JavaScript error: resource:///modules/sessionstore/SessionStore.jsm, line 1325: uncaught exception: 2147746065
1596802144030	Marionette	INFO	Listening on port 39779
1596802144150	Marionette	WARN	TLS certificate errors will be ignored for this session
Sandbox: seccomp sandbox violation: pid 45775, tid 45961, syscall 332, args 0 0 0 4095 0 1.
Gdk-Message: 15:09:17.825: /usr/lib/firefox-esr/firefox-esr: Fatal IO error 11 (Resource temporarily unavailable) on X server :1029.

Exiting due to channel error.
Exiting due to channel error.
1596802215665	mozrunner::runner	INFO	Running command: "/usr/bin/firefox" "-marionette" "-foreground" "-no-remote" "-profile" "/tmp/rust_mozprofiletXZ13Q"
1596802216176	addons.webextension.screenshots@mozilla.org	WARN	Loading extension 'screenshots@mozilla.org': Reading manifest: Invalid extension permission: mozillaAddons
1596802216176	addons.webextension.screenshots@mozilla.org	WARN	Loading extension 'screenshots@mozilla.org': Reading manifest: Invalid extension permission: telemetry
1596802216176	addons.webextension.screenshots@mozilla.org	WARN	Loading extension 'screenshots@mozilla.org': Reading manifest: Invalid extension permission: resource://pdf.js/
1596802216176	addons.webextension.screenshots@mozilla.org	WARN	Loading extension 'screenshots@mozilla.org': Reading manifest: Invalid extension permission: about:reader*
Sandbox: seccomp sandbox violation: pid 46352, tid 46352, syscall 315, args 46352 140294554049152 56 0 10 140294554049152.
JavaScript error: undefined, line 14: Error: An unexpected error occurred
JavaScript error: moz-extension://cde50aa1-9eda-4781-af5d-910626e0b083/lib/picture_in_picture_overrides.js, line 15: Error: Incorrect argument types for pictureInPictureParent.setOverrides.
Sandbox: seccomp sandbox violation: pid 46372, tid 46372, syscall 315, args 46372 140449742285440 56 0 10 140449742285440.
JavaScript error: resource:///modules/sessionstore/SessionStore.jsm, line 1325: uncaught exception: 2147746065
1596802217645	Marionette	INFO	Listening on port 36121
1596802217870	Marionette	WARN	TLS certificate errors will be ignored for this session
Sandbox: seccomp sandbox violation: pid 46372, tid 46527, syscall 332, args 0 0 0 4095 0 1.
[Child 46372, MediaPlayback #3] WARNING: Decoder=7fbcee335400 state=DECODING_METADATA Decode metadata failed, shutting down decoder: file /build/firefox-esr-6uO2g7/firefox-esr-68.11.0esr/dom/media/MediaDecoderStateMachine.cpp, line 351
[Child 46372, MediaPlayback #3] WARNING: Decoder=7fbcee335400 Decode error: NS_ERROR_DOM_MEDIA_METADATA_ERR (0x806e0006) - static mozilla::MP4Metadata::ResultAndByteBuffer mozilla::MP4Metadata::Metadata(mozilla::ByteStream*): Cannot parse metadata: file /build/firefox-esr-6uO2g7/firefox-esr-68.11.0esr/dom/media/MediaDecoderStateMachine.cpp, line 3307
JavaScript warning: https://static.adsafeprotected.com/sca.17.4.114.js, line 32: Array.slice is deprecated; use Array.prototype.slice instead
JavaScript error: https://pixel.adsafeprotected.com/fwjsvid/st/471772/47351336/skeleton.js?videoId=a21933a489e056cb7cb4be8c8578e97a&xmapp=0&xmtp=v&xsId=0853ca6e-a567-456f-96c4-2ea049b9bcd4&adsafe_par=&logTestResults=false, line 1175: TypeError: d is undefined
JavaScript error: https://pixel.adsafeprotected.com/fwjsvid/st/471772/47351336/skeleton.js?videoId=a21933a489e056cb7cb4be8c8578e97a&xmapp=0&xmtp=v&xsId=0853ca6e-a567-456f-96c4-2ea049b9bcd4&adsafe_par=&logTestResults=false, line 1175: TypeError: d is undefined
[Child 46372, MediaPlayback #3] WARNING: Decoder=7fbcd8985c00 state=DECODING_METADATA Decode metadata failed, shutting down decoder: file /build/firefox-esr-6uO2g7/firefox-esr-68.11.0esr/dom/media/MediaDecoderStateMachine.cpp, line 351
[Child 46372, MediaPlayback #3] WARNING: Decoder=7fbcd8985c00 Decode error: NS_ERROR_DOM_MEDIA_METADATA_ERR (0x806e0006) - static mozilla::MP4Metadata::ResultAndByteBuffer mozilla::MP4Metadata::Metadata(mozilla::ByteStream*): Cannot parse metadata: file /build/firefox-esr-6uO2g7/firefox-esr-68.11.0esr/dom/media/MediaDecoderStateMachine.cpp, line 3307
Gdk-Message: 15:12:38.527: /usr/lib/firefox-esr/firefox-esr: Fatal IO error 11 (Resource temporarily unavailable) on X server :1029.


###!!! [Child][MessageChannel] Error: (msgtype=0x240016,name=PCameras::Msg_AllDone) Channel error: cannot send/recv

Exiting due to channel error.
Exiting due to channel error.
1596802549231	mozrunner::runner	INFO	Running command: "/usr/bin/firefox" "-marionette" "-foreground" "-no-remote" "-profile" "/tmp/rust_mozprofilebBa9LX"
1596802549745	addons.webextension.screenshots@mozilla.org	WARN	Loading extension 'screenshots@mozilla.org': Reading manifest: Invalid extension permission: mozillaAddons
1596802549745	addons.webextension.screenshots@mozilla.org	WARN	Loading extension 'screenshots@mozilla.org': Reading manifest: Invalid extension permission: telemetry
1596802549746	addons.webextension.screenshots@mozilla.org	WARN	Loading extension 'screenshots@mozilla.org': Reading manifest: Invalid extension permission: resource://pdf.js/
1596802549746	addons.webextension.screenshots@mozilla.org	WARN	Loading extension 'screenshots@mozilla.org': Reading manifest: Invalid extension permission: about:reader*
Sandbox: seccomp sandbox violation: pid 47125, tid 47125, syscall 315, args 47125 140572056504960 56 0 10 140572056504960.
Sandbox: seccomp sandbox violation: pid 47145, tid 47145, syscall 315, args 47145 140066873596544 56 0 10 140066873596544.
JavaScript error: undefined, line 14: Error: An unexpected error occurred
JavaScript error: moz-extension://b5aeda63-20fc-4615-8093-2b7ec5f99878/lib/picture_in_picture_overrides.js, line 15: Error: Incorrect argument types for pictureInPictureParent.setOverrides.
JavaScript error: resource:///modules/sessionstore/SessionStore.jsm, line 1325: uncaught exception: 2147746065
1596802551093	Marionette	INFO	Listening on port 39863
1596802551149	Marionette	WARN	TLS certificate errors will be ignored for this session
Sandbox: seccomp sandbox violation: pid 47145, tid 47291, syscall 332, args 0 0 0 4095 0 1.
JavaScript warning: https://static.adsafeprotected.com/sca.17.4.114.js, line 32: Array.slice is deprecated; use Array.prototype.slice instead
Exiting due to channel error.
Exiting due to channel error.
Exiting due to channel error.
1596802635729	mozrunner::runner	INFO	Running command: "/usr/bin/firefox" "-marionette" "-foreground" "-no-remote" "-profile" "/tmp/rust_mozprofileFz3oQe"
1596802636247	addons.webextension.screenshots@mozilla.org	WARN	Loading extension 'screenshots@mozilla.org': Reading manifest: Invalid extension permission: mozillaAddons
1596802636247	addons.webextension.screenshots@mozilla.org	WARN	Loading extension 'screenshots@mozilla.org': Reading manifest: Invalid extension permission: telemetry
1596802636247	addons.webextension.screenshots@mozilla.org	WARN	Loading extension 'screenshots@mozilla.org': Reading manifest: Invalid extension permission: resource://pdf.js/
1596802636247	addons.webextension.screenshots@mozilla.org	WARN	Loading extension 'screenshots@mozilla.org': Reading manifest: Invalid extension permission: about:reader*
Sandbox: seccomp sandbox violation: pid 47689, tid 47689, syscall 315, args 47689 140364691229312 56 0 10 140364691229312.
Sandbox: seccomp sandbox violation: pid 47709, tid 47709, syscall 315, args 47709 140694130711168 56 0 10 140694130711168.
JavaScript error: undefined, line 14: Error: An unexpected error occurred
JavaScript error: moz-extension://38a7890f-890f-4639-8f83-fa27d3356258/lib/picture_in_picture_overrides.js, line 15: Error: Incorrect argument types for pictureInPictureParent.setOverrides.
JavaScript error: resource:///modules/sessionstore/SessionStore.jsm, line 1325: uncaught exception: 2147746065
1596802637599	Marionette	INFO	Listening on port 34789
1596802637633	Marionette	WARN	TLS certificate errors will be ignored for this session
Sandbox: seccomp sandbox violation: pid 47709, tid 47835, syscall 332, args 0 0 0 4095 0 1.
1596802686287	mozrunner::runner	INFO	Running command: "/usr/bin/firefox" "-marionette" "-foreground" "-no-remote" "-profile" "/tmp/rust_mozprofile7iOaCV"
1596802686938	addons.webextension.screenshots@mozilla.org	WARN	Loading extension 'screenshots@mozilla.org': Reading manifest: Invalid extension permission: mozillaAddons
1596802686938	addons.webextension.screenshots@mozilla.org	WARN	Loading extension 'screenshots@mozilla.org': Reading manifest: Invalid extension permission: telemetry
1596802686938	addons.webextension.screenshots@mozilla.org	WARN	Loading extension 'screenshots@mozilla.org': Reading manifest: Invalid extension permission: resource://pdf.js/
1596802686938	addons.webextension.screenshots@mozilla.org	WARN	Loading extension 'screenshots@mozilla.org': Reading manifest: Invalid extension permission: about:reader*
Sandbox: seccomp sandbox violation: pid 48158, tid 48158, syscall 315, args 48158 140219401562752 56 0 10 140219401562752.
JavaScript error: undefined, line 14: Error: An unexpected error occurred
JavaScript error: moz-extension://7cfe4c48-2c86-4df1-9e3c-061cb0382673/lib/picture_in_picture_overrides.js, line 15: Error: Incorrect argument types for pictureInPictureParent.setOverrides.
Sandbox: seccomp sandbox violation: pid 48178, tid 48178, syscall 315, args 48178 140017247619328 56 0 10 140017247619328.
JavaScript error: resource:///modules/sessionstore/SessionStore.jsm, line 1325: uncaught exception: 2147746065
1596802688532	Marionette	INFO	Listening on port 38657
1596802688668	Marionette	WARN	TLS certificate errors will be ignored for this session
Sandbox: seccomp sandbox violation: pid 48178, tid 48323, syscall 332, args 0 0 0 4095 0 1.
Exiting due to channel error.
Exiting due to channel error.
Exiting due to channel error.
[Child 47709, MediaPlayback #2] WARNING: Decoder=7ff5bda67000 state=DECODING_METADATA Decode metadata failed, shutting down decoder: file /build/firefox-esr-6uO2g7/firefox-esr-68.11.0esr/dom/media/MediaDecoderStateMachine.cpp, line 351
[Child 47709, MediaPlayback #2] WARNING: Decoder=7ff5bda67000 Decode error: NS_ERROR_DOM_MEDIA_METADATA_ERR (0x806e0006) - static mozilla::MP4Metadata::ResultAndByteBuffer mozilla::MP4Metadata::Metadata(mozilla::ByteStream*): Cannot parse metadata: file /build/firefox-esr-6uO2g7/firefox-esr-68.11.0esr/dom/media/MediaDecoderStateMachine.cpp, line 3307
JavaScript warning: https://static.adsafeprotected.com/sca.17.4.114.js, line 32: Array.slice is deprecated; use Array.prototype.slice instead
